[ 2015-10-12T14:33:19+08:00 ] ::1 /zuo/index.php/Home/message/
ERR: 无法加载控制器:Home

[ 2015-10-12T14:33:31+08:00 ] ::1 /zuo/index.php/Message/get_message_list/41/d589172d26441de02adc5f53c081de50/1
ERR: 1064:You have an error in your SQL syntax; check the manual that corresponds to your MySQL server version for the right syntax to use near 'and m.notepad_endtime<=1444631611  order by m.notepad_endtime limit 0,20' at line 1
 [ SQL语句 ] : SELECT u.user_nickname,l.lable_name,m.notepad_id,m.user_id,m.notepad_time,m.notepad_endtime,m.notepad FROM `order` `o`,`lable` `l` ,`message` `m`,`user` `u` WHERE o.lable_id=l.lable_id and m.lable_id=o.lable_id and o.user_id=u.user_id and o.user_id =  and m.notepad_endtime<=1444631611  order by m.notepad_endtime limit 0,20

[ 2015-10-12T14:33:35+08:00 ] ::1 /zuo/index.php/Message/get_message_list/41/d589172d26441de02adc5f53c081de50/1/
ERR: 1064:You have an error in your SQL syntax; check the manual that corresponds to your MySQL server version for the right syntax to use near 'and m.notepad_endtime<=1444631615  order by m.notepad_endtime limit 0,20' at line 1
 [ SQL语句 ] : SELECT u.user_nickname,l.lable_name,m.notepad_id,m.user_id,m.notepad_time,m.notepad_endtime,m.notepad FROM `order` `o`,`lable` `l` ,`message` `m`,`user` `u` WHERE o.lable_id=l.lable_id and m.lable_id=o.lable_id and o.user_id=u.user_id and o.user_id =  and m.notepad_endtime<=1444631615  order by m.notepad_endtime limit 0,20

[ 2015-10-12T14:45:18+08:00 ] ::1 /zuo/index.php/Message/get_message_list/41/d589172d26441de02adc5f53c081de50/0/0
ERR: 1054:Unknown column 'l.lable_name' in 'field list'
 [ SQL语句 ] : SELECT u.user_nickname,l.lable_name,m.notepad_id,m.user_id,m.notepad_time,m.notepad_endtime,m.notepad
		 FROM `order` `o`,`user_lable` `l` ,`message` `m`,`user` `u`
		  WHERE o.lable_id=l.lable_id and m.lable_id=o.lable_id and o.user_id=u.user_id and 
		  o.user_id = 41 and m.notepad_endtime<=1444632318  order by m.notepad_endtime limit 0,20

[ 2015-10-12T14:46:40+08:00 ] ::1 /zuo/index.php/Message/get_message_list/41/d589172d26441de02adc5f53c081de50/0/0
ERR: 1054:Unknown column 'l.lable_name' in 'field list'
 [ SQL语句 ] : SELECT u.user_nickname,l.lable_name,m.notepad_id,m.user_id,m.notepad_time,m.notepad_endtime,m.notepad FROM `order` `o`,`user_lable` `l` ,`message` `m`,`user` `u` WHERE o.lable_id=l.lable_id and m.lable_id=o.lable_id and o.user_id=u.user_id and  o.user_id = 41 and m.notepad_endtime<=1444632400  order by m.notepad_endtime limit 0,20

[ 2015-10-12T14:47:38+08:00 ] ::1 /zuo/index.php/Message/get_message_list/41/d589172d26441de02adc5f53c081de50/0/0
ERR: 1054:Unknown column 'l.lable_name' in 'field list'
 [ SQL语句 ] : SELECT u.user_nickname,l.lable_name,m.notepad_id,m.user_id,m.notepad_time,m.notepad_endtime,m.notepad FROM `order` `o`,`user_lable` `l` ,`message` `m`,`user` `u` WHERE o.lable_id=l.lable_id and m.lable_id=o.lable_id and o.user_id=u.user_id and  o.user_id = 41 and m.notepad_endtime<=1444632458  order by m.notepad_endtime limit 0,20

