[ 2015-10-11T08:39:13+08:00 ] ::1 /zuo/index.php/Home/lable/add_lable
ERR: 非法操作:add_lable

[ 2015-10-11T08:39:45+08:00 ] ::1 /zuo/index.php/Home/lable/add_lable
ERR: 非法操作:add_lable

[ 2015-10-11T08:39:46+08:00 ] ::1 /zuo/index.php/Home/lable/add_lable
ERR: 非法操作:add_lable

[ 2015-10-11T08:39:46+08:00 ] ::1 /zuo/index.php/Home/lable/add_lable
ERR: 非法操作:add_lable

[ 2015-10-11T08:39:46+08:00 ] ::1 /zuo/index.php/Home/lable/add_lable
ERR: 非法操作:add_lable

[ 2015-10-11T08:39:47+08:00 ] ::1 /zuo/index.php/Home/lable/add_lable
ERR: 非法操作:add_lable

[ 2015-10-11T08:39:47+08:00 ] ::1 /zuo/index.php/Home/lable/add_lable
ERR: 非法操作:add_lable

[ 2015-10-11T08:39:47+08:00 ] ::1 /zuo/index.php/Home/lable/add_lable
ERR: 非法操作:add_lable

[ 2015-10-11T08:40:13+08:00 ] ::1 /zuo/index.php/Home/lable/add_lable
ERR: 非法操作:add_lable

[ 2015-10-11T08:40:14+08:00 ] ::1 /zuo/index.php/Home/lable/add_lable
ERR: 非法操作:add_lable

[ 2015-10-11T08:40:14+08:00 ] ::1 /zuo/index.php/Home/lable/add_lable
ERR: 非法操作:add_lable

[ 2015-10-11T08:40:14+08:00 ] ::1 /zuo/index.php/Home/lable/add_lable
ERR: 非法操作:add_lable

[ 2015-10-11T08:40:14+08:00 ] ::1 /zuo/index.php/Home/lable/add_lable
ERR: 非法操作:add_lable

[ 2015-10-11T08:40:14+08:00 ] ::1 /zuo/index.php/Home/lable/add_lable
ERR: 非法操作:add_lable

[ 2015-10-11T08:40:14+08:00 ] ::1 /zuo/index.php/Home/lable/add_lable
ERR: 非法操作:add_lable

[ 2015-10-11T08:40:15+08:00 ] ::1 /zuo/index.php/Home/lable/add_lable
ERR: 非法操作:add_lable

[ 2015-10-11T08:40:15+08:00 ] ::1 /zuo/index.php/Home/lable/add_lable
ERR: 非法操作:add_lable

[ 2015-10-11T08:40:15+08:00 ] ::1 /zuo/index.php/Home/lable/add_lable
ERR: 非法操作:add_lable

[ 2015-10-11T08:40:20+08:00 ] ::1 /zuo/index.php/Home/lable/add_lable/e
ERR: 非法操作:add_lable

[ 2015-10-11T08:40:23+08:00 ] ::1 /zuo/index.php/Home/lable/add_lable/e/e
ERR: 非法操作:add_lable

[ 2015-10-11T08:41:00+08:00 ] ::1 /zuo/index.php/Home/lable/add_lable/e/e
ERR: 非法操作:add_lable

[ 2015-10-11T08:41:01+08:00 ] ::1 /zuo/index.php/Home/lable/add_lable/e/e
ERR: 非法操作:add_lable

[ 2015-10-11T08:41:02+08:00 ] ::1 /zuo/index.php/Home/lable/add_lable/e/e
ERR: 非法操作:add_lable

[ 2015-10-11T08:41:02+08:00 ] ::1 /zuo/index.php/Home/lable/add_lable/e/e
ERR: 非法操作:add_lable

[ 2015-10-11T08:41:04+08:00 ] ::1 /zuo/index.php/Home/lable/add_lable/e/e/s
ERR: 非法操作:add_lable

[ 2015-10-11T08:41:22+08:00 ] ::1 /zuo/index.php/Home/lable/add_lable/e/e/s/e
ERR: 非法操作:add_lable

[ 2015-10-11T08:42:03+08:00 ] ::1 /zuo/index.php/Home/lable/add_lable/e/e/s/e
ERR: 非法操作:add_lable

[ 2015-10-11T08:43:56+08:00 ] ::1 /zuo/index.php/Home/lable/add_message/e/e/s/e
ERR: 非法操作:add_message

[ 2015-10-11T08:44:23+08:00 ] ::1 /zuo/index.php/Home/lable/add_message/e/e/s/e/w
ERR: 非法操作:add_message

[ 2015-10-11T08:44:35+08:00 ] ::1 /zuo/index.php/Home/message/add_message/e/e/s/e/w
ERR: 无法加载控制器:Message

[ 2015-10-11T08:45:05+08:00 ] ::1 /zuo/index.php/Home/message/add_message/e/e/s/e/w
ERR: 无法加载控制器:Message

[ 2015-10-11T08:45:06+08:00 ] ::1 /zuo/index.php/Home/message/add_message/e/e/s/e/w
ERR: 无法加载控制器:Message

[ 2015-10-11T08:45:06+08:00 ] ::1 /zuo/index.php/Home/message/add_message/e/e/s/e/w
ERR: 无法加载控制器:Message

[ 2015-10-11T08:45:06+08:00 ] ::1 /zuo/index.php/Home/message/add_message/e/e/s/e/w
ERR: 无法加载控制器:Message

[ 2015-10-11T08:45:06+08:00 ] ::1 /zuo/index.php/Home/message/add_message/e/e/s/e/w
ERR: 无法加载控制器:Message

[ 2015-10-11T08:45:06+08:00 ] ::1 /zuo/index.php/Home/message/add_message/e/e/s/e/w
ERR: 无法加载控制器:Message

[ 2015-10-11T08:45:06+08:00 ] ::1 /zuo/index.php/Home/message/add_message/e/e/s/e/w
ERR: 无法加载控制器:Message

[ 2015-10-11T08:45:07+08:00 ] ::1 /zuo/index.php/Home/message/add_message/e/e/s/e/w
ERR: 无法加载控制器:Message

[ 2015-10-11T08:46:17+08:00 ] ::1 /zuo/index.php/Home/message/add_message/e/e/s/e/w
ERR: 无法加载控制器:Message

[ 2015-10-11T08:46:17+08:00 ] ::1 /zuo/index.php/Home/message/add_message/e/e/s/e/w
ERR: 无法加载控制器:Message

[ 2015-10-11T08:46:18+08:00 ] ::1 /zuo/index.php/Home/message/add_message/e/e/s/e/w
ERR: 无法加载控制器:Message

[ 2015-10-11T08:46:18+08:00 ] ::1 /zuo/index.php/Home/message/add_message/e/e/s/e/w
ERR: 无法加载控制器:Message

[ 2015-10-11T08:46:18+08:00 ] ::1 /zuo/index.php/Home/message/add_message/e/e/s/e/w
ERR: 无法加载控制器:Message

[ 2015-10-11T08:46:18+08:00 ] ::1 /zuo/index.php/Home/message/add_message/e/e/s/e/w
ERR: 无法加载控制器:Message

[ 2015-10-11T08:46:18+08:00 ] ::1 /zuo/index.php/Home/message/add_message/e/e/s/e/w
ERR: 无法加载控制器:Message

[ 2015-10-11T08:46:18+08:00 ] ::1 /zuo/index.php/Home/message/add_message/e/e/s/e/w
ERR: 无法加载控制器:Message

[ 2015-10-11T08:46:19+08:00 ] ::1 /zuo/index.php/Home/message/add_message/e/e/s/e/w
ERR: 无法加载控制器:Message

[ 2015-10-11T08:46:19+08:00 ] ::1 /zuo/index.php/Home/message/add_message/e/e/s/e/w
ERR: 无法加载控制器:Message

[ 2015-10-11T08:46:19+08:00 ] ::1 /zuo/index.php/Home/message/add_message/e/e/s/e/w
ERR: 无法加载控制器:Message

[ 2015-10-11T08:46:19+08:00 ] ::1 /zuo/index.php/Home/message/add_message/e/e/s/e/w
ERR: 无法加载控制器:Message

[ 2015-10-11T08:46:19+08:00 ] ::1 /zuo/index.php/Home/message/add_message/e/e/s/e/w
ERR: 无法加载控制器:Message

[ 2015-10-11T08:46:24+08:00 ] ::1 /zuo/index.php/Home/Message/add_message/e/e/s/e/w
ERR: 无法加载控制器:Message

[ 2015-10-11T08:47:56+08:00 ] ::1 /zuo/index.php/Home/Message/add_message/e/e/s/e/w
ERR: 无法加载控制器:Message

[ 2015-10-11T08:47:56+08:00 ] ::1 /zuo/index.php/Home/Message/add_message/e/e/s/e/w
ERR: 无法加载控制器:Message

[ 2015-10-11T08:47:57+08:00 ] ::1 /zuo/index.php/Home/Message/add_message/e/e/s/e/w
ERR: 无法加载控制器:Message

[ 2015-10-11T08:47:57+08:00 ] ::1 /zuo/index.php/Home/Message/add_message/e/e/s/e/w
ERR: 无法加载控制器:Message

[ 2015-10-11T08:47:57+08:00 ] ::1 /zuo/index.php/Home/Message/add_message/e/e/s/e/w
ERR: 无法加载控制器:Message

[ 2015-10-11T08:47:57+08:00 ] ::1 /zuo/index.php/Home/Message/add_message/e/e/s/e/w
ERR: 无法加载控制器:Message

[ 2015-10-11T08:47:57+08:00 ] ::1 /zuo/index.php/Home/Message/add_message/e/e/s/e/w
ERR: 无法加载控制器:Message

[ 2015-10-11T08:47:57+08:00 ] ::1 /zuo/index.php/Home/Message/add_message/e/e/s/e/w
ERR: 无法加载控制器:Message

[ 2015-10-11T08:47:58+08:00 ] ::1 /zuo/index.php/Home/Message/add_message/e/e/s/e/w
ERR: 无法加载控制器:Message

[ 2015-10-11T08:47:58+08:00 ] ::1 /zuo/index.php/Home/Message/add_message/e/e/s/e/w
ERR: 无法加载控制器:Message

[ 2015-10-11T08:47:58+08:00 ] ::1 /zuo/index.php/Home/Message/add_message/e/e/s/e/w
ERR: 无法加载控制器:Message

[ 2015-10-11T08:47:58+08:00 ] ::1 /zuo/index.php/Home/Message/add_message/e/e/s/e/w
ERR: 无法加载控制器:Message

[ 2015-10-11T08:50:11+08:00 ] ::1 /zuo/index.php/Home/Message/index
ERR: 无法加载控制器:Message

[ 2015-10-11T08:50:14+08:00 ] ::1 /zuo/index.php/Home/Message/
ERR: 无法加载控制器:Message

[ 2015-10-11T08:50:59+08:00 ] ::1 /zuo/index.php/Home/message/1/1/1/1/1
ERR: 无法加载控制器:Message

[ 2015-10-11T08:52:43+08:00 ] ::1 /zuo/index.php/Home/message/1/1/1/1/1
ERR: 无法加载控制器:Message

[ 2015-10-11T08:52:43+08:00 ] ::1 /zuo/index.php/Home/message/1/1/1/1/1
ERR: 无法加载控制器:Message

[ 2015-10-11T08:52:43+08:00 ] ::1 /zuo/index.php/Home/message/1/1/1/1/1
ERR: 无法加载控制器:Message

[ 2015-10-11T08:52:44+08:00 ] ::1 /zuo/index.php/Home/message/1/1/1/1/1
ERR: 无法加载控制器:Message

[ 2015-10-11T08:52:44+08:00 ] ::1 /zuo/index.php/Home/message/1/1/1/1/1
ERR: 无法加载控制器:Message

[ 2015-10-11T08:52:44+08:00 ] ::1 /zuo/index.php/Home/message/1/1/1/1/1
ERR: 无法加载控制器:Message

[ 2015-10-11T08:52:44+08:00 ] ::1 /zuo/index.php/Home/message/1/1/1/1/1
ERR: 无法加载控制器:Message

[ 2015-10-11T08:52:44+08:00 ] ::1 /zuo/index.php/Home/message/1/1/1/1/1
ERR: 无法加载控制器:Message

[ 2015-10-11T08:52:44+08:00 ] ::1 /zuo/index.php/Home/message/1/1/1/1/1
ERR: 无法加载控制器:Message

[ 2015-10-11T08:52:45+08:00 ] ::1 /zuo/index.php/Home/message/1/1/1/1/1
ERR: 无法加载控制器:Message

[ 2015-10-11T08:58:12+08:00 ] ::1 /zuo/index.php/Home/message/1/1/1/1/1
ERR: 无法加载控制器:Message

[ 2015-10-11T08:58:13+08:00 ] ::1 /zuo/index.php/Home/message/1/1/1/1/1
ERR: 无法加载控制器:Message

[ 2015-10-11T08:58:13+08:00 ] ::1 /zuo/index.php/Home/message/1/1/1/1/1
ERR: 无法加载控制器:Message

[ 2015-10-11T08:58:13+08:00 ] ::1 /zuo/index.php/Home/message/1/1/1/1/1
ERR: 无法加载控制器:Message

[ 2015-10-11T08:58:13+08:00 ] ::1 /zuo/index.php/Home/message/1/1/1/1/1
ERR: 无法加载控制器:Message

[ 2015-10-11T08:58:13+08:00 ] ::1 /zuo/index.php/Home/message/1/1/1/1/1
ERR: 无法加载控制器:Message

[ 2015-10-11T08:58:14+08:00 ] ::1 /zuo/index.php/Home/message/1/1/1/1/1
ERR: 无法加载控制器:Message

[ 2015-10-11T08:58:14+08:00 ] ::1 /zuo/index.php/Home/message/1/1/1/1/1
ERR: 无法加载控制器:Message

[ 2015-10-11T08:58:47+08:00 ] ::1 /zuo/index.php/Home/message/1/1/1/1/1
ERR: 无法加载控制器:Message

[ 2015-10-11T08:58:47+08:00 ] ::1 /zuo/index.php/Home/message/1/1/1/1/1
ERR: 无法加载控制器:Message

[ 2015-10-11T08:58:48+08:00 ] ::1 /zuo/index.php/Home/message/1/1/1/1/1
ERR: 无法加载控制器:Message

[ 2015-10-11T08:58:48+08:00 ] ::1 /zuo/index.php/Home/message/1/1/1/1/1
ERR: 无法加载控制器:Message

[ 2015-10-11T08:58:50+08:00 ] ::1 /zuo/index.php/Home/message/
ERR: 无法加载控制器:Message

[ 2015-10-11T08:58:52+08:00 ] ::1 /zuo/index.php/Home/message/
ERR: 无法加载控制器:Message

[ 2015-10-11T09:03:24+08:00 ] ::1 /zuo/index.php/Home/message/
ERR: 无法加载控制器:Message

[ 2015-10-11T09:03:24+08:00 ] ::1 /zuo/index.php/Home/message/
ERR: 无法加载控制器:Message

[ 2015-10-11T09:03:25+08:00 ] ::1 /zuo/index.php/Home/message/
ERR: 无法加载控制器:Message

[ 2015-10-11T09:03:25+08:00 ] ::1 /zuo/index.php/Home/message/
ERR: 无法加载控制器:Message

[ 2015-10-11T09:03:25+08:00 ] ::1 /zuo/index.php/Home/message/
ERR: 无法加载控制器:Message

[ 2015-10-11T09:03:41+08:00 ] ::1 /zuo/index.php/Home/message/add_message/1/1/1/11/1
ERR: 无法加载控制器:Message

[ 2015-10-11T09:12:14+08:00 ] ::1 /zuo/index.php/Home/message/add_message/1/1/1/11/1
ERR: 无法加载控制器:Message

[ 2015-10-11T09:12:15+08:00 ] ::1 /zuo/index.php/Home/message/add_message/1/1/1/11/1
ERR: 无法加载控制器:Message

[ 2015-10-11T09:12:16+08:00 ] ::1 /zuo/index.php/Home/message/add_message/1/1/1/11/1
ERR: 无法加载控制器:Message

[ 2015-10-11T09:12:16+08:00 ] ::1 /zuo/index.php/Home/message/add_message/1/1/1/11/1
ERR: 无法加载控制器:Message

[ 2015-10-11T09:12:16+08:00 ] ::1 /zuo/index.php/Home/message/add_message/1/1/1/11/1
ERR: 无法加载控制器:Message

[ 2015-10-11T09:12:16+08:00 ] ::1 /zuo/index.php/Home/message/add_message/1/1/1/11/1
ERR: 无法加载控制器:Message

[ 2015-10-11T09:12:16+08:00 ] ::1 /zuo/index.php/Home/message/add_message/1/1/1/11/1
ERR: 无法加载控制器:Message

[ 2015-10-11T09:12:17+08:00 ] ::1 /zuo/index.php/Home/message/add_message/1/1/1/11/1
ERR: 无法加载控制器:Message

[ 2015-10-11T09:12:17+08:00 ] ::1 /zuo/index.php/Home/message/add_message/1/1/1/11/1
ERR: 无法加载控制器:Message

[ 2015-10-11T09:12:17+08:00 ] ::1 /zuo/index.php/Home/message/add_message/1/1/1/11/1
ERR: 无法加载控制器:Message

[ 2015-10-11T09:12:17+08:00 ] ::1 /zuo/index.php/Home/message/add_message/1/1/1/11/1
ERR: 无法加载控制器:Message

[ 2015-10-11T09:12:17+08:00 ] ::1 /zuo/index.php/Home/message/add_message/1/1/1/11/1
ERR: 无法加载控制器:Message

[ 2015-10-11T09:12:17+08:00 ] ::1 /zuo/index.php/Home/message/add_message/1/1/1/11/1
ERR: 无法加载控制器:Message

[ 2015-10-11T09:12:18+08:00 ] ::1 /zuo/index.php/Home/message/add_message/1/1/1/11/1
ERR: 无法加载控制器:Message

[ 2015-10-11T09:12:18+08:00 ] ::1 /zuo/index.php/Home/message/add_message/1/1/1/11/1
ERR: 无法加载控制器:Message

[ 2015-10-11T09:12:18+08:00 ] ::1 /zuo/index.php/Home/message/add_message/1/1/1/11/1
ERR: 无法加载控制器:Message

[ 2015-10-11T09:12:18+08:00 ] ::1 /zuo/index.php/Home/message/add_message/1/1/1/11/1
ERR: 无法加载控制器:Message

[ 2015-10-11T09:13:20+08:00 ] ::1 /zuo/index.php/Home/message/add_message/1/1/1/11/1
ERR: 无法加载控制器:Message

[ 2015-10-11T09:13:21+08:00 ] ::1 /zuo/index.php/Home/message/add_message/1/1/1/11/1
ERR: 无法加载控制器:Message

[ 2015-10-11T09:13:21+08:00 ] ::1 /zuo/index.php/Home/message/add_message/1/1/1/11/1
ERR: 无法加载控制器:Message

[ 2015-10-11T09:13:21+08:00 ] ::1 /zuo/index.php/Home/message/add_message/1/1/1/11/1
ERR: 无法加载控制器:Message

[ 2015-10-11T09:13:22+08:00 ] ::1 /zuo/index.php/Home/message/add_message/1/1/1/11/1
ERR: 无法加载控制器:Message

[ 2015-10-11T09:13:22+08:00 ] ::1 /zuo/index.php/Home/message/add_message/1/1/1/11/1
ERR: 无法加载控制器:Message

[ 2015-10-11T09:13:22+08:00 ] ::1 /zuo/index.php/Home/message/add_message/1/1/1/11/1
ERR: 无法加载控制器:Message

[ 2015-10-11T09:13:22+08:00 ] ::1 /zuo/index.php/Home/message/add_message/1/1/1/11/1
ERR: 无法加载控制器:Message

[ 2015-10-11T09:13:22+08:00 ] ::1 /zuo/index.php/Home/message/add_message/1/1/1/11/1
ERR: 无法加载控制器:Message

[ 2015-10-11T09:13:22+08:00 ] ::1 /zuo/index.php/Home/message/add_message/1/1/1/11/1
ERR: 无法加载控制器:Message

[ 2015-10-11T09:13:23+08:00 ] ::1 /zuo/index.php/Home/message/add_message/1/1/1/11/1
ERR: 无法加载控制器:Message

[ 2015-10-11T09:13:23+08:00 ] ::1 /zuo/index.php/Home/message/add_message/1/1/1/11/1
ERR: 无法加载控制器:Message

[ 2015-10-11T09:13:23+08:00 ] ::1 /zuo/index.php/Home/message/add_message/1/1/1/11/1
ERR: 无法加载控制器:Message

[ 2015-10-11T09:13:23+08:00 ] ::1 /zuo/index.php/Home/message/add_message/1/1/1/11/1
ERR: 无法加载控制器:Message

[ 2015-10-11T09:13:23+08:00 ] ::1 /zuo/index.php/Home/message/add_message/1/1/1/11/1
ERR: 无法加载控制器:Message

[ 2015-10-11T09:14:03+08:00 ] ::1 /zuo/index.php/Home/message/add_message/1/1/1/11/1
ERR: 无法加载控制器:Message

[ 2015-10-11T09:14:04+08:00 ] ::1 /zuo/index.php/Home/message/add_message/1/1/1/11/1
ERR: 无法加载控制器:Message

[ 2015-10-11T09:14:04+08:00 ] ::1 /zuo/index.php/Home/message/add_message/1/1/1/11/1
ERR: 无法加载控制器:Message

[ 2015-10-11T09:14:04+08:00 ] ::1 /zuo/index.php/Home/message/add_message/1/1/1/11/1
ERR: 无法加载控制器:Message

[ 2015-10-11T09:14:04+08:00 ] ::1 /zuo/index.php/Home/message/add_message/1/1/1/11/1
ERR: 无法加载控制器:Message

[ 2015-10-11T09:14:04+08:00 ] ::1 /zuo/index.php/Home/message/add_message/1/1/1/11/1
ERR: 无法加载控制器:Message

[ 2015-10-11T09:14:04+08:00 ] ::1 /zuo/index.php/Home/message/add_message/1/1/1/11/1
ERR: 无法加载控制器:Message

[ 2015-10-11T09:14:05+08:00 ] ::1 /zuo/index.php/Home/message/add_message/1/1/1/11/1
ERR: 无法加载控制器:Message

[ 2015-10-11T09:14:05+08:00 ] ::1 /zuo/index.php/Home/message/add_message/1/1/1/11/1
ERR: 无法加载控制器:Message

[ 2015-10-11T09:14:05+08:00 ] ::1 /zuo/index.php/Home/message/add_message/1/1/1/11/1
ERR: 无法加载控制器:Message

[ 2015-10-11T09:14:05+08:00 ] ::1 /zuo/index.php/Home/message/add_message/1/1/1/11/1
ERR: 无法加载控制器:Message

[ 2015-10-11T09:14:05+08:00 ] ::1 /zuo/index.php/Home/message/add_message/1/1/1/11/1
ERR: 无法加载控制器:Message

[ 2015-10-11T09:14:05+08:00 ] ::1 /zuo/index.php/Home/message/add_message/1/1/1/11/1
ERR: 无法加载控制器:Message

[ 2015-10-11T09:14:06+08:00 ] ::1 /zuo/index.php/Home/message/add_message/1/1/1/11/1
ERR: 无法加载控制器:Message

[ 2015-10-11T09:14:06+08:00 ] ::1 /zuo/index.php/Home/message/add_message/1/1/1/11/1
ERR: 无法加载控制器:Message

[ 2015-10-11T09:14:06+08:00 ] ::1 /zuo/index.php/Home/message/add_message/1/1/1/11/1
ERR: 无法加载控制器:Message

[ 2015-10-11T09:14:06+08:00 ] ::1 /zuo/index.php/Home/message/add_message/1/1/1/11/1
ERR: 无法加载控制器:Message

[ 2015-10-11T09:14:06+08:00 ] ::1 /zuo/index.php/Home/message/add_message/1/1/1/11/1
ERR: 无法加载控制器:Message

[ 2015-10-11T09:14:07+08:00 ] ::1 /zuo/index.php/Home/message/add_message/1/1/1/11/1
ERR: 无法加载控制器:Message

[ 2015-10-11T09:14:07+08:00 ] ::1 /zuo/index.php/Home/message/add_message/1/1/1/11/1
ERR: 无法加载控制器:Message

[ 2015-10-11T09:14:07+08:00 ] ::1 /zuo/index.php/Home/message/add_message/1/1/1/11/1
ERR: 无法加载控制器:Message

[ 2015-10-11T09:14:07+08:00 ] ::1 /zuo/index.php/Home/message/add_message/1/1/1/11/1
ERR: 无法加载控制器:Message

[ 2015-10-11T09:14:07+08:00 ] ::1 /zuo/index.php/Home/message/add_message/1/1/1/11/1
ERR: 无法加载控制器:Message

[ 2015-10-11T09:15:55+08:00 ] ::1 /zuo/index.php/Home/message/add_message/1/1/1/11/1
ERR: 无法加载控制器:Home

[ 2015-10-11T09:15:56+08:00 ] ::1 /zuo/index.php/Home/message/add_message/1/1/1/11/1
ERR: 无法加载控制器:Home

[ 2015-10-11T09:15:56+08:00 ] ::1 /zuo/index.php/Home/message/add_message/1/1/1/11/1
ERR: 无法加载控制器:Home

[ 2015-10-11T09:15:57+08:00 ] ::1 /zuo/index.php/Home/message/add_message/1/1/1/11/1
ERR: 无法加载控制器:Home

[ 2015-10-11T09:15:57+08:00 ] ::1 /zuo/index.php/Home/message/add_message/1/1/1/11/1
ERR: 无法加载控制器:Home

[ 2015-10-11T09:15:57+08:00 ] ::1 /zuo/index.php/Home/message/add_message/1/1/1/11/1
ERR: 无法加载控制器:Home

[ 2015-10-11T09:15:57+08:00 ] ::1 /zuo/index.php/Home/message/add_message/1/1/1/11/1
ERR: 无法加载控制器:Home

[ 2015-10-11T09:15:57+08:00 ] ::1 /zuo/index.php/Home/message/add_message/1/1/1/11/1
ERR: 无法加载控制器:Home

[ 2015-10-11T09:15:58+08:00 ] ::1 /zuo/index.php/Home/message/add_message/1/1/1/11/1
ERR: 无法加载控制器:Home

[ 2015-10-11T09:15:58+08:00 ] ::1 /zuo/index.php/Home/message/add_message/1/1/1/11/1
ERR: 无法加载控制器:Home

[ 2015-10-11T09:15:58+08:00 ] ::1 /zuo/index.php/Home/message/add_message/1/1/1/11/1
ERR: 无法加载控制器:Home

[ 2015-10-11T09:15:58+08:00 ] ::1 /zuo/index.php/Home/message/add_message/1/1/1/11/1
ERR: 无法加载控制器:Home

[ 2015-10-11T09:15:58+08:00 ] ::1 /zuo/index.php/Home/message/add_message/1/1/1/11/1
ERR: 无法加载控制器:Home

[ 2015-10-11T09:15:58+08:00 ] ::1 /zuo/index.php/Home/message/add_message/1/1/1/11/1
ERR: 无法加载控制器:Home

[ 2015-10-11T09:15:59+08:00 ] ::1 /zuo/index.php/Home/message/add_message/1/1/1/11/1
ERR: 无法加载控制器:Home

[ 2015-10-11T09:15:59+08:00 ] ::1 /zuo/index.php/Home/message/add_message/1/1/1/11/1
ERR: 无法加载控制器:Home

[ 2015-10-11T09:15:59+08:00 ] ::1 /zuo/index.php/Home/message/add_message/1/1/1/11/1
ERR: 无法加载控制器:Home

[ 2015-10-11T09:15:59+08:00 ] ::1 /zuo/index.php/Home/message/add_message/1/1/1/11/1
ERR: 无法加载控制器:Home

[ 2015-10-11T09:15:59+08:00 ] ::1 /zuo/index.php/Home/message/add_message/1/1/1/11/1
ERR: 无法加载控制器:Home

[ 2015-10-11T09:16:00+08:00 ] ::1 /zuo/index.php/Home/message/add_message/1/1/1/11/1
ERR: 无法加载控制器:Home

[ 2015-10-11T09:16:00+08:00 ] ::1 /zuo/index.php/Home/message/add_message/1/1/1/11/1
ERR: 无法加载控制器:Home

[ 2015-10-11T09:16:00+08:00 ] ::1 /zuo/index.php/Home/message/add_message/1/1/1/11/1
ERR: 无法加载控制器:Home

[ 2015-10-11T09:16:00+08:00 ] ::1 /zuo/index.php/Home/message/add_message/1/1/1/11/1
ERR: 无法加载控制器:Home

[ 2015-10-11T09:16:00+08:00 ] ::1 /zuo/index.php/Home/message/add_message/1/1/1/11/1
ERR: 无法加载控制器:Home

[ 2015-10-11T09:16:01+08:00 ] ::1 /zuo/index.php/Home/message/add_message/1/1/1/11/1
ERR: 无法加载控制器:Home

[ 2015-10-11T09:16:01+08:00 ] ::1 /zuo/index.php/Home/message/add_message/1/1/1/11/1
ERR: 无法加载控制器:Home

[ 2015-10-11T09:16:01+08:00 ] ::1 /zuo/index.php/Home/message/add_message/1/1/1/11/1
ERR: 无法加载控制器:Home

[ 2015-10-11T09:16:06+08:00 ] ::1 /zuo/index.php/message/add_message/1/1/1/11/1
ERR: 无法加载控制器:Message

[ 2015-10-11T09:16:13+08:00 ] ::1 /zuo/index.php/message/add_message/1/1/1/11/1
ERR: 无法加载控制器:Message

[ 2015-10-11T09:18:35+08:00 ] ::1 /zuo/index.php/Message/add_message/1/1/1/11/1
ERR: 无法加载控制器:Message

[ 2015-10-11T09:19:17+08:00 ] ::1 /zuo/index.php/Home/Message/add_message/1/1/1/11/1
ERR: 无法加载控制器:Home

[ 2015-10-11T09:19:20+08:00 ] ::1 /zuo/index.php/Message/add_message/1/1/1/11/1
ERR: 无法加载控制器:Message

[ 2015-10-11T09:19:29+08:00 ] ::1 /zuo/index.php/add_message/1/1/1/11/1
ERR: 无法加载控制器:Add_message

[ 2015-10-11T09:19:39+08:00 ] ::1 /zuo/index.php/Home/user/updata_user_info/a/1
ERR: 无法加载控制器:Home

[ 2015-10-11T09:19:49+08:00 ] ::1 /zuo/index.php/message/updata_user_info/a/1
ERR: 无法加载控制器:Message

[ 2015-10-11T09:20:59+08:00 ] ::1 /zuo/index.php/message/updata_user_info/a/1
ERR: 无法加载控制器:Message

[ 2015-10-11T09:21:00+08:00 ] ::1 /zuo/index.php/message/updata_user_info/a/1
ERR: 无法加载控制器:Message

[ 2015-10-11T09:21:00+08:00 ] ::1 /zuo/index.php/message/updata_user_info/a/1
ERR: 无法加载控制器:Message

[ 2015-10-11T09:21:00+08:00 ] ::1 /zuo/index.php/message/updata_user_info/a/1
ERR: 无法加载控制器:Message

[ 2015-10-11T09:21:01+08:00 ] ::1 /zuo/index.php/message/updata_user_info/a/1
ERR: 无法加载控制器:Message

[ 2015-10-11T09:21:01+08:00 ] ::1 /zuo/index.php/message/updata_user_info/a/1
ERR: 无法加载控制器:Message

[ 2015-10-11T09:21:01+08:00 ] ::1 /zuo/index.php/message/updata_user_info/a/1
ERR: 无法加载控制器:Message

[ 2015-10-11T09:21:01+08:00 ] ::1 /zuo/index.php/message/updata_user_info/a/1
ERR: 无法加载控制器:Message

[ 2015-10-11T09:21:01+08:00 ] ::1 /zuo/index.php/message/updata_user_info/a/1
ERR: 无法加载控制器:Message

[ 2015-10-11T09:21:01+08:00 ] ::1 /zuo/index.php/message/updata_user_info/a/1
ERR: 无法加载控制器:Message

[ 2015-10-11T09:21:02+08:00 ] ::1 /zuo/index.php/message/updata_user_info/a/1
ERR: 无法加载控制器:Message

[ 2015-10-11T09:21:02+08:00 ] ::1 /zuo/index.php/message/updata_user_info/a/1
ERR: 无法加载控制器:Message

[ 2015-10-11T09:21:02+08:00 ] ::1 /zuo/index.php/message/updata_user_info/a/1
ERR: 无法加载控制器:Message

[ 2015-10-11T09:21:02+08:00 ] ::1 /zuo/index.php/message/updata_user_info/a/1
ERR: 无法加载控制器:Message

[ 2015-10-11T09:21:02+08:00 ] ::1 /zuo/index.php/message/updata_user_info/a/1
ERR: 无法加载控制器:Message

[ 2015-10-11T09:21:03+08:00 ] ::1 /zuo/index.php/message/updata_user_info/a/1
ERR: 无法加载控制器:Message

[ 2015-10-11T09:21:03+08:00 ] ::1 /zuo/index.php/message/updata_user_info/a/1
ERR: 无法加载控制器:Message

[ 2015-10-11T09:21:03+08:00 ] ::1 /zuo/index.php/message/updata_user_info/a/1
ERR: 无法加载控制器:Message

[ 2015-10-11T09:21:03+08:00 ] ::1 /zuo/index.php/message/updata_user_info/a/1
ERR: 无法加载控制器:Message

[ 2015-10-11T09:21:03+08:00 ] ::1 /zuo/index.php/message/updata_user_info/a/1
ERR: 无法加载控制器:Message

[ 2015-10-11T09:21:03+08:00 ] ::1 /zuo/index.php/message/updata_user_info/a/1
ERR: 无法加载控制器:Message

[ 2015-10-11T09:21:04+08:00 ] ::1 /zuo/index.php/message/updata_user_info/a/1
ERR: 无法加载控制器:Message

[ 2015-10-11T09:21:04+08:00 ] ::1 /zuo/index.php/message/updata_user_info/a/1
ERR: 无法加载控制器:Message

[ 2015-10-11T09:21:04+08:00 ] ::1 /zuo/index.php/message/updata_user_info/a/1
ERR: 无法加载控制器:Message

[ 2015-10-11T09:21:04+08:00 ] ::1 /zuo/index.php/message/updata_user_info/a/1
ERR: 无法加载控制器:Message

[ 2015-10-11T09:21:04+08:00 ] ::1 /zuo/index.php/message/updata_user_info/a/1
ERR: 无法加载控制器:Message

[ 2015-10-11T09:21:05+08:00 ] ::1 /zuo/index.php/message/updata_user_info/a/1
ERR: 无法加载控制器:Message

[ 2015-10-11T09:21:05+08:00 ] ::1 /zuo/index.php/message/updata_user_info/a/1
ERR: 无法加载控制器:Message

[ 2015-10-11T09:21:05+08:00 ] ::1 /zuo/index.php/message/updata_user_info/a/1
ERR: 无法加载控制器:Message

[ 2015-10-11T09:21:05+08:00 ] ::1 /zuo/index.php/message/updata_user_info/a/1
ERR: 无法加载控制器:Message

[ 2015-10-11T09:21:05+08:00 ] ::1 /zuo/index.php/message/updata_user_info/a/1
ERR: 无法加载控制器:Message

[ 2015-10-11T09:21:06+08:00 ] ::1 /zuo/index.php/message/updata_user_info/a/1
ERR: 无法加载控制器:Message

[ 2015-10-11T09:21:06+08:00 ] ::1 /zuo/index.php/message/updata_user_info/a/1
ERR: 无法加载控制器:Message

[ 2015-10-11T09:21:06+08:00 ] ::1 /zuo/index.php/message/updata_user_info/a/1
ERR: 无法加载控制器:Message

[ 2015-10-11T09:21:06+08:00 ] ::1 /zuo/index.php/message/updata_user_info/a/1
ERR: 无法加载控制器:Message

[ 2015-10-11T09:21:06+08:00 ] ::1 /zuo/index.php/message/updata_user_info/a/1
ERR: 无法加载控制器:Message

[ 2015-10-11T09:21:06+08:00 ] ::1 /zuo/index.php/message/updata_user_info/a/1
ERR: 无法加载控制器:Message

[ 2015-10-11T09:21:07+08:00 ] ::1 /zuo/index.php/message/updata_user_info/a/1
ERR: 无法加载控制器:Message

[ 2015-10-11T09:21:07+08:00 ] ::1 /zuo/index.php/message/updata_user_info/a/1
ERR: 无法加载控制器:Message

[ 2015-10-11T09:21:07+08:00 ] ::1 /zuo/index.php/message/updata_user_info/a/1
ERR: 无法加载控制器:Message

[ 2015-10-11T09:21:07+08:00 ] ::1 /zuo/index.php/message/updata_user_info/a/1
ERR: 无法加载控制器:Message

[ 2015-10-11T09:23:24+08:00 ] ::1 /zuo/index.php/message/updata_user_info/a/1
ERR: 无法加载控制器:Message

[ 2015-10-11T09:23:24+08:00 ] ::1 /zuo/index.php/message/updata_user_info/a/1
ERR: 无法加载控制器:Message

[ 2015-10-11T09:23:25+08:00 ] ::1 /zuo/index.php/message/updata_user_info/a/1
ERR: 无法加载控制器:Message

[ 2015-10-11T09:23:25+08:00 ] ::1 /zuo/index.php/message/updata_user_info/a/1
ERR: 无法加载控制器:Message

[ 2015-10-11T09:23:25+08:00 ] ::1 /zuo/index.php/message/updata_user_info/a/1
ERR: 无法加载控制器:Message

[ 2015-10-11T09:23:25+08:00 ] ::1 /zuo/index.php/message/updata_user_info/a/1
ERR: 无法加载控制器:Message

[ 2015-10-11T09:23:25+08:00 ] ::1 /zuo/index.php/message/updata_user_info/a/1
ERR: 无法加载控制器:Message

[ 2015-10-11T09:23:25+08:00 ] ::1 /zuo/index.php/message/updata_user_info/a/1
ERR: 无法加载控制器:Message

[ 2015-10-11T09:23:26+08:00 ] ::1 /zuo/index.php/message/updata_user_info/a/1
ERR: 无法加载控制器:Message

[ 2015-10-11T09:23:29+08:00 ] ::1 /zuo/index.php/message/
ERR: 无法加载控制器:Message

[ 2015-10-11T09:25:47+08:00 ] ::1 /zuo/index.php/message/
ERR: 无法加载控制器:Message

[ 2015-10-11T09:25:48+08:00 ] ::1 /zuo/index.php/message/
ERR: 无法加载控制器:Message

[ 2015-10-11T09:25:48+08:00 ] ::1 /zuo/index.php/message/
ERR: 无法加载控制器:Message

[ 2015-10-11T09:25:48+08:00 ] ::1 /zuo/index.php/message/
ERR: 无法加载控制器:Message

[ 2015-10-11T09:25:49+08:00 ] ::1 /zuo/index.php/message/
ERR: 无法加载控制器:Message

[ 2015-10-11T09:25:49+08:00 ] ::1 /zuo/index.php/message/
ERR: 无法加载控制器:Message

[ 2015-10-11T09:25:49+08:00 ] ::1 /zuo/index.php/message/
ERR: 无法加载控制器:Message

[ 2015-10-11T09:25:49+08:00 ] ::1 /zuo/index.php/message/
ERR: 无法加载控制器:Message

[ 2015-10-11T09:25:49+08:00 ] ::1 /zuo/index.php/message/
ERR: 无法加载控制器:Message

[ 2015-10-11T09:25:49+08:00 ] ::1 /zuo/index.php/message/
ERR: 无法加载控制器:Message

[ 2015-10-11T09:25:50+08:00 ] ::1 /zuo/index.php/message/
ERR: 无法加载控制器:Message

[ 2015-10-11T09:25:50+08:00 ] ::1 /zuo/index.php/message/
ERR: 无法加载控制器:Message

[ 2015-10-11T09:25:50+08:00 ] ::1 /zuo/index.php/message/
ERR: 无法加载控制器:Message

[ 2015-10-11T09:25:50+08:00 ] ::1 /zuo/index.php/message/
ERR: 无法加载控制器:Message

[ 2015-10-11T09:25:50+08:00 ] ::1 /zuo/index.php/message/
ERR: 无法加载控制器:Message

[ 2015-10-11T09:25:51+08:00 ] ::1 /zuo/index.php/message/
ERR: 无法加载控制器:Message

[ 2015-10-11T09:25:51+08:00 ] ::1 /zuo/index.php/message/
ERR: 无法加载控制器:Message

[ 2015-10-11T09:25:51+08:00 ] ::1 /zuo/index.php/message/
ERR: 无法加载控制器:Message

[ 2015-10-11T09:25:51+08:00 ] ::1 /zuo/index.php/message/
ERR: 无法加载控制器:Message

[ 2015-10-11T09:25:51+08:00 ] ::1 /zuo/index.php/message/
ERR: 无法加载控制器:Message

[ 2015-10-11T09:25:51+08:00 ] ::1 /zuo/index.php/message/
ERR: 无法加载控制器:Message

[ 2015-10-11T09:26:08+08:00 ] ::1 /zuo/index.php/message/add_message/1/1/1/1/1
ERR: 无法加载控制器:Message

[ 2015-10-11T09:29:15+08:00 ] ::1 /zuo/index.php/Messages
ERR: 无法加载控制器:Messages

[ 2015-10-11T09:31:57+08:00 ] ::1 /zuo/index.php/message
ERR: 无法加载控制器:Message

[ 2015-10-11T09:33:37+08:00 ] ::1 /zuo/index.php/message
ERR: 无法加载控制器:Message

[ 2015-10-11T09:33:37+08:00 ] ::1 /zuo/index.php/message
ERR: 无法加载控制器:Message

[ 2015-10-11T09:33:37+08:00 ] ::1 /zuo/index.php/message
ERR: 无法加载控制器:Message

[ 2015-10-11T09:33:37+08:00 ] ::1 /zuo/index.php/message
ERR: 无法加载控制器:Message

[ 2015-10-11T09:33:38+08:00 ] ::1 /zuo/index.php/message
ERR: 无法加载控制器:Message

[ 2015-10-11T09:33:38+08:00 ] ::1 /zuo/index.php/message
ERR: 无法加载控制器:Message

[ 2015-10-11T09:33:38+08:00 ] ::1 /zuo/index.php/message
ERR: 无法加载控制器:Message

[ 2015-10-11T09:33:38+08:00 ] ::1 /zuo/index.php/message
ERR: 无法加载控制器:Message

[ 2015-10-11T09:33:38+08:00 ] ::1 /zuo/index.php/message
ERR: 无法加载控制器:Message

[ 2015-10-11T09:33:38+08:00 ] ::1 /zuo/index.php/message
ERR: 无法加载控制器:Message

[ 2015-10-11T09:33:39+08:00 ] ::1 /zuo/index.php/message
ERR: 无法加载控制器:Message

[ 2015-10-11T09:33:39+08:00 ] ::1 /zuo/index.php/message
ERR: 无法加载控制器:Message

[ 2015-10-11T09:33:39+08:00 ] ::1 /zuo/index.php/message
ERR: 无法加载控制器:Message

[ 2015-10-11T09:33:39+08:00 ] ::1 /zuo/index.php/message
ERR: 无法加载控制器:Message

[ 2015-10-11T09:33:39+08:00 ] ::1 /zuo/index.php/message
ERR: 无法加载控制器:Message

[ 2015-10-11T09:33:40+08:00 ] ::1 /zuo/index.php/message
ERR: 无法加载控制器:Message

[ 2015-10-11T09:33:40+08:00 ] ::1 /zuo/index.php/message
ERR: 无法加载控制器:Message

[ 2015-10-11T09:33:40+08:00 ] ::1 /zuo/index.php/message
ERR: 无法加载控制器:Message

[ 2015-10-11T09:33:40+08:00 ] ::1 /zuo/index.php/message
ERR: 无法加载控制器:Message

[ 2015-10-11T09:33:40+08:00 ] ::1 /zuo/index.php/message
ERR: 无法加载控制器:Message

[ 2015-10-11T09:33:41+08:00 ] ::1 /zuo/index.php/message
ERR: 无法加载控制器:Message

[ 2015-10-11T09:33:41+08:00 ] ::1 /zuo/index.php/message
ERR: 无法加载控制器:Message

[ 2015-10-11T09:33:41+08:00 ] ::1 /zuo/index.php/message
ERR: 无法加载控制器:Message

[ 2015-10-11T09:33:41+08:00 ] ::1 /zuo/index.php/message
ERR: 无法加载控制器:Message

[ 2015-10-11T09:33:42+08:00 ] ::1 /zuo/index.php/message
ERR: 无法加载控制器:Message

[ 2015-10-11T09:33:42+08:00 ] ::1 /zuo/index.php/message
ERR: 无法加载控制器:Message

[ 2015-10-11T09:33:42+08:00 ] ::1 /zuo/index.php/message
ERR: 无法加载控制器:Message

[ 2015-10-11T09:33:42+08:00 ] ::1 /zuo/index.php/message
ERR: 无法加载控制器:Message

[ 2015-10-11T09:33:42+08:00 ] ::1 /zuo/index.php/message
ERR: 无法加载控制器:Message

[ 2015-10-11T09:33:43+08:00 ] ::1 /zuo/index.php/message
ERR: 无法加载控制器:Message

[ 2015-10-11T09:33:43+08:00 ] ::1 /zuo/index.php/message
ERR: 无法加载控制器:Message

[ 2015-10-11T09:33:43+08:00 ] ::1 /zuo/index.php/message
ERR: 无法加载控制器:Message

[ 2015-10-11T09:33:43+08:00 ] ::1 /zuo/index.php/message
ERR: 无法加载控制器:Message

[ 2015-10-11T09:33:43+08:00 ] ::1 /zuo/index.php/message
ERR: 无法加载控制器:Message

[ 2015-10-11T09:33:43+08:00 ] ::1 /zuo/index.php/message
ERR: 无法加载控制器:Message

[ 2015-10-11T09:33:44+08:00 ] ::1 /zuo/index.php/message
ERR: 无法加载控制器:Message

[ 2015-10-11T09:33:44+08:00 ] ::1 /zuo/index.php/message
ERR: 无法加载控制器:Message

[ 2015-10-11T09:33:44+08:00 ] ::1 /zuo/index.php/message
ERR: 无法加载控制器:Message

[ 2015-10-11T09:33:44+08:00 ] ::1 /zuo/index.php/message
ERR: 无法加载控制器:Message

[ 2015-10-11T09:33:44+08:00 ] ::1 /zuo/index.php/message
ERR: 无法加载控制器:Message

[ 2015-10-11T09:33:44+08:00 ] ::1 /zuo/index.php/message
ERR: 无法加载控制器:Message

[ 2015-10-11T09:33:45+08:00 ] ::1 /zuo/index.php/message
ERR: 无法加载控制器:Message

[ 2015-10-11T09:33:45+08:00 ] ::1 /zuo/index.php/message
ERR: 无法加载控制器:Message

[ 2015-10-11T09:33:45+08:00 ] ::1 /zuo/index.php/message
ERR: 无法加载控制器:Message

[ 2015-10-11T09:33:45+08:00 ] ::1 /zuo/index.php/message
ERR: 无法加载控制器:Message

[ 2015-10-11T09:33:45+08:00 ] ::1 /zuo/index.php/message
ERR: 无法加载控制器:Message

[ 2015-10-11T09:41:47+08:00 ] ::1 /zuo/index.php/Home/user/
ERR: 无法加载控制器:Home

[ 2015-10-11T09:41:53+08:00 ] ::1 /zuo/index.php/user
ERR: 非法操作:index

[ 2015-10-11T09:42:01+08:00 ] ::1 /zuo/index.php/message
ERR: 无法加载控制器:Message

[ 2015-10-11T09:44:14+08:00 ] ::1 /zuo/index.php/message
ERR: 无法加载控制器:Message

[ 2015-10-11T09:46:17+08:00 ] ::1 /zuo/index.php/index
ERR: 模板不存在:./Application/Home/View/Index/index.html

[ 2015-10-11T09:46:18+08:00 ] ::1 /zuo/index.php/index/index
ERR: 模板不存在:./Application/Home/View/Index/index.html

[ 2015-10-11T09:58:38+08:00 ] ::1 /zuo/index.php/message
ERR: 无法加载控制器:Message

[ 2015-10-11T09:59:17+08:00 ] ::1 /zuo/index.php/Home/message
ERR: 无法加载控制器:Home

[ 2015-10-11T09:59:33+08:00 ] ::1 /zuo/index.php/Home/message
ERR: 无法加载控制器:Home

[ 2015-10-11T09:59:34+08:00 ] ::1 /zuo/index.php/Home/message
ERR: 无法加载控制器:Home

[ 2015-10-11T09:59:34+08:00 ] ::1 /zuo/index.php/Home/message
ERR: 无法加载控制器:Home

[ 2015-10-11T09:59:34+08:00 ] ::1 /zuo/index.php/Home/message
ERR: 无法加载控制器:Home

[ 2015-10-11T09:59:35+08:00 ] ::1 /zuo/index.php/Home/message
ERR: 无法加载控制器:Home

[ 2015-10-11T09:59:35+08:00 ] ::1 /zuo/index.php/Home/message
ERR: 无法加载控制器:Home

[ 2015-10-11T09:59:35+08:00 ] ::1 /zuo/index.php/Home/message
ERR: 无法加载控制器:Home

[ 2015-10-11T09:59:35+08:00 ] ::1 /zuo/index.php/Home/message
ERR: 无法加载控制器:Home

[ 2015-10-11T09:59:35+08:00 ] ::1 /zuo/index.php/Home/message
ERR: 无法加载控制器:Home

[ 2015-10-11T09:59:36+08:00 ] ::1 /zuo/index.php/Home/message
ERR: 无法加载控制器:Home

[ 2015-10-11T09:59:36+08:00 ] ::1 /zuo/index.php/Home/message
ERR: 无法加载控制器:Home

[ 2015-10-11T09:59:36+08:00 ] ::1 /zuo/index.php/Home/message
ERR: 无法加载控制器:Home

[ 2015-10-11T09:59:36+08:00 ] ::1 /zuo/index.php/Home/message
ERR: 无法加载控制器:Home

[ 2015-10-11T09:59:36+08:00 ] ::1 /zuo/index.php/Home/message
ERR: 无法加载控制器:Home

[ 2015-10-11T09:59:36+08:00 ] ::1 /zuo/index.php/Home/message
ERR: 无法加载控制器:Home

[ 2015-10-11T11:03:04+08:00 ] ::1 /zuo/index.php/lable/add_lable/s/s/s/s/s
ERR: 1146:Table 'zuo.lable' doesn't exist
 [ SQL语句 ] : SHOW COLUMNS FROM `lable`

[ 2015-10-11T11:05:54+08:00 ] ::1 /zuo/index.php/lable/add_lable/s/s/s/s/s
ERR: 1146:Table 'zuo.lable' doesn't exist
 [ SQL语句 ] : SHOW COLUMNS FROM `lable`

[ 2015-10-11T11:05:55+08:00 ] ::1 /zuo/index.php/lable/add_lable/s/s/s/s/s
ERR: 1146:Table 'zuo.lable' doesn't exist
 [ SQL语句 ] : SHOW COLUMNS FROM `lable`

[ 2015-10-11T11:05:55+08:00 ] ::1 /zuo/index.php/lable/add_lable/s/s/s/s/s
ERR: 1146:Table 'zuo.lable' doesn't exist
 [ SQL语句 ] : SHOW COLUMNS FROM `lable`

[ 2015-10-11T11:05:56+08:00 ] ::1 /zuo/index.php/lable/add_lable/s/s/s/s/s
ERR: 1146:Table 'zuo.lable' doesn't exist
 [ SQL语句 ] : SHOW COLUMNS FROM `lable`

[ 2015-10-11T11:05:56+08:00 ] ::1 /zuo/index.php/lable/add_lable/s/s/s/s/s
ERR: 1146:Table 'zuo.lable' doesn't exist
 [ SQL语句 ] : SHOW COLUMNS FROM `lable`

[ 2015-10-11T11:05:56+08:00 ] ::1 /zuo/index.php/lable/add_lable/s/s/s/s/s
ERR: 1146:Table 'zuo.lable' doesn't exist
 [ SQL语句 ] : SHOW COLUMNS FROM `lable`

[ 2015-10-11T11:05:56+08:00 ] ::1 /zuo/index.php/lable/add_lable/s/s/s/s/s
ERR: 1146:Table 'zuo.lable' doesn't exist
 [ SQL语句 ] : SHOW COLUMNS FROM `lable`

[ 2015-10-11T11:05:56+08:00 ] ::1 /zuo/index.php/lable/add_lable/s/s/s/s/s
ERR: 1146:Table 'zuo.lable' doesn't exist
 [ SQL语句 ] : SHOW COLUMNS FROM `lable`

[ 2015-10-11T12:47:17+08:00 ] ::1 /zuo/index.php/order/get_all_lable_by_id/41/d589172d26441de02adc5f53c081de50
ERR: 非法操作:get_all_lable_by_id

[ 2015-10-11T13:52:19+08:00 ] ::1 /zuo/index.php/order/order_lable/41/d589172d26441de02adc5f53c081de50/ss
ERR: 1064:You have an error in your SQL syntax; check the manual that corresponds to your MySQL server version for the right syntax to use near ') LIMIT 1' at line 1
 [ SQL语句 ] : SELECT `lable_id` FROM `lable` WHERE ( lable_name= ) LIMIT 1  

[ 2015-10-11T13:52:59+08:00 ] ::1 /zuo/index.php/order/order_lable/41/d589172d26441de02adc5f53c081de50/ss
ERR: 1064:You have an error in your SQL syntax; check the manual that corresponds to your MySQL server version for the right syntax to use near ') LIMIT 1' at line 1
 [ SQL语句 ] : SELECT `lable_id` FROM `lable` WHERE ( lable_name= ) LIMIT 1  

[ 2015-10-11T13:53:00+08:00 ] ::1 /zuo/index.php/order/order_lable/41/d589172d26441de02adc5f53c081de50/ss
ERR: 1064:You have an error in your SQL syntax; check the manual that corresponds to your MySQL server version for the right syntax to use near ') LIMIT 1' at line 1
 [ SQL语句 ] : SELECT `lable_id` FROM `lable` WHERE ( lable_name= ) LIMIT 1  

[ 2015-10-11T13:53:00+08:00 ] ::1 /zuo/index.php/order/order_lable/41/d589172d26441de02adc5f53c081de50/ss
ERR: 1064:You have an error in your SQL syntax; check the manual that corresponds to your MySQL server version for the right syntax to use near ') LIMIT 1' at line 1
 [ SQL语句 ] : SELECT `lable_id` FROM `lable` WHERE ( lable_name= ) LIMIT 1  

[ 2015-10-11T13:53:00+08:00 ] ::1 /zuo/index.php/order/order_lable/41/d589172d26441de02adc5f53c081de50/ss
ERR: 1064:You have an error in your SQL syntax; check the manual that corresponds to your MySQL server version for the right syntax to use near ') LIMIT 1' at line 1
 [ SQL语句 ] : SELECT `lable_id` FROM `lable` WHERE ( lable_name= ) LIMIT 1  

[ 2015-10-11T13:53:00+08:00 ] ::1 /zuo/index.php/order/order_lable/41/d589172d26441de02adc5f53c081de50/ss
ERR: 1064:You have an error in your SQL syntax; check the manual that corresponds to your MySQL server version for the right syntax to use near ') LIMIT 1' at line 1
 [ SQL语句 ] : SELECT `lable_id` FROM `lable` WHERE ( lable_name= ) LIMIT 1  

[ 2015-10-11T13:53:01+08:00 ] ::1 /zuo/index.php/order/order_lable/41/d589172d26441de02adc5f53c081de50/ss
ERR: 1064:You have an error in your SQL syntax; check the manual that corresponds to your MySQL server version for the right syntax to use near ') LIMIT 1' at line 1
 [ SQL语句 ] : SELECT `lable_id` FROM `lable` WHERE ( lable_name= ) LIMIT 1  

[ 2015-10-11T13:53:01+08:00 ] ::1 /zuo/index.php/order/order_lable/41/d589172d26441de02adc5f53c081de50/ss
ERR: 1064:You have an error in your SQL syntax; check the manual that corresponds to your MySQL server version for the right syntax to use near ') LIMIT 1' at line 1
 [ SQL语句 ] : SELECT `lable_id` FROM `lable` WHERE ( lable_name= ) LIMIT 1  

[ 2015-10-11T13:53:01+08:00 ] ::1 /zuo/index.php/order/order_lable/41/d589172d26441de02adc5f53c081de50/ss
ERR: 1064:You have an error in your SQL syntax; check the manual that corresponds to your MySQL server version for the right syntax to use near ') LIMIT 1' at line 1
 [ SQL语句 ] : SELECT `lable_id` FROM `lable` WHERE ( lable_name= ) LIMIT 1  

[ 2015-10-11T13:53:16+08:00 ] ::1 /zuo/index.php/order/order_lable/41/d589172d26441de02adc5f53c081de50/ss
ERR: 1064:You have an error in your SQL syntax; check the manual that corresponds to your MySQL server version for the right syntax to use near ') LIMIT 1' at line 1
 [ SQL语句 ] : SELECT * FROM `lable` WHERE ( lable_name= ) LIMIT 1  

[ 2015-10-11T13:53:17+08:00 ] ::1 /zuo/index.php/order/order_lable/41/d589172d26441de02adc5f53c081de50/ss
ERR: 1064:You have an error in your SQL syntax; check the manual that corresponds to your MySQL server version for the right syntax to use near ') LIMIT 1' at line 1
 [ SQL语句 ] : SELECT * FROM `lable` WHERE ( lable_name= ) LIMIT 1  

[ 2015-10-11T13:53:17+08:00 ] ::1 /zuo/index.php/order/order_lable/41/d589172d26441de02adc5f53c081de50/ss
ERR: 1064:You have an error in your SQL syntax; check the manual that corresponds to your MySQL server version for the right syntax to use near ') LIMIT 1' at line 1
 [ SQL语句 ] : SELECT * FROM `lable` WHERE ( lable_name= ) LIMIT 1  

[ 2015-10-11T13:53:17+08:00 ] ::1 /zuo/index.php/order/order_lable/41/d589172d26441de02adc5f53c081de50/ss
ERR: 1064:You have an error in your SQL syntax; check the manual that corresponds to your MySQL server version for the right syntax to use near ') LIMIT 1' at line 1
 [ SQL语句 ] : SELECT * FROM `lable` WHERE ( lable_name= ) LIMIT 1  

[ 2015-10-11T13:53:17+08:00 ] ::1 /zuo/index.php/order/order_lable/41/d589172d26441de02adc5f53c081de50/ss
ERR: 1064:You have an error in your SQL syntax; check the manual that corresponds to your MySQL server version for the right syntax to use near ') LIMIT 1' at line 1
 [ SQL语句 ] : SELECT * FROM `lable` WHERE ( lable_name= ) LIMIT 1  

[ 2015-10-11T13:54:04+08:00 ] ::1 /zuo/index.php/order/order_lable/41/d589172d26441de02adc5f53c081de50/ss
ERR: 1064:You have an error in your SQL syntax; check the manual that corresponds to your MySQL server version for the right syntax to use near ') LIMIT 1' at line 1
 [ SQL语句 ] : SELECT * FROM `lable` WHERE ( lable_name= ) LIMIT 1  

[ 2015-10-11T13:54:29+08:00 ] ::1 /zuo/index.php/order/order_lable/41/d589172d26441de02adc5f53c081de50/ss
ERR: 1064:You have an error in your SQL syntax; check the manual that corresponds to your MySQL server version for the right syntax to use near ') LIMIT 1' at line 1
 [ SQL语句 ] : SELECT * FROM `lable` WHERE ( lable_name= ) LIMIT 1  

[ 2015-10-11T13:54:29+08:00 ] ::1 /zuo/index.php/order/order_lable/41/d589172d26441de02adc5f53c081de50/ss
ERR: 1064:You have an error in your SQL syntax; check the manual that corresponds to your MySQL server version for the right syntax to use near ') LIMIT 1' at line 1
 [ SQL语句 ] : SELECT * FROM `lable` WHERE ( lable_name= ) LIMIT 1  

[ 2015-10-11T13:54:29+08:00 ] ::1 /zuo/index.php/order/order_lable/41/d589172d26441de02adc5f53c081de50/ss
ERR: 1064:You have an error in your SQL syntax; check the manual that corresponds to your MySQL server version for the right syntax to use near ') LIMIT 1' at line 1
 [ SQL语句 ] : SELECT * FROM `lable` WHERE ( lable_name= ) LIMIT 1  

[ 2015-10-11T13:56:25+08:00 ] ::1 /zuo/index.php/order/order_lable/41/d589172d26441de02adc5f53c081de50/s/s
ERR: 1054:Unknown column 's' in 'where clause'
 [ SQL语句 ] : SELECT * FROM `lable` WHERE ( lable_name=s ) LIMIT 1  

[ 2015-10-11T13:58:58+08:00 ] ::1 /zuo/index.php/order/order_lable/41/d589172d26441de02adc5f53c081de50/s/s
ERR: 1452:Cannot add or update a child row: a foreign key constraint fails (`zuo`.`order`, CONSTRAINT `order_ibfk_2` FOREIGN KEY (`lable_id`) REFERENCES `lable` (`lable_id`) ON DELETE CASCADE)
 [ SQL语句 ] : INSERT INTO `order` (`user_id`,`lable_id`) VALUES ('41','0')

[ 2015-10-11T13:59:15+08:00 ] ::1 /zuo/index.php/order/order_lable/41/d589172d26441de02adc5f53c081de50/s/s
ERR: 1452:Cannot add or update a child row: a foreign key constraint fails (`zuo`.`order`, CONSTRAINT `order_ibfk_2` FOREIGN KEY (`lable_id`) REFERENCES `lable` (`lable_id`) ON DELETE CASCADE)
 [ SQL语句 ] : INSERT INTO `order` (`user_id`,`lable_id`) VALUES ('41','0')

[ 2015-10-11T14:50:09+08:00 ] ::1 /zuo/index.php/order/get_all_lable_by_userid/41/d589172d26441de02adc5f53c081de50
ERR: 1146:Table 'zuo.order,lable' doesn't exist
 [ SQL语句 ] : SHOW COLUMNS FROM `order,lable`

[ 2015-10-11T14:50:10+08:00 ] ::1 /zuo/index.php/order/get_all_lable_by_userid/41/d589172d26441de02adc5f53c081de50
ERR: 1146:Table 'zuo.order,lable' doesn't exist
 [ SQL语句 ] : SHOW COLUMNS FROM `order,lable`

[ 2015-10-11T14:50:10+08:00 ] ::1 /zuo/index.php/order/get_all_lable_by_userid/41/d589172d26441de02adc5f53c081de50
ERR: 1146:Table 'zuo.order,lable' doesn't exist
 [ SQL语句 ] : SHOW COLUMNS FROM `order,lable`

[ 2015-10-11T14:50:11+08:00 ] ::1 /zuo/index.php/order/get_all_lable_by_userid/41/d589172d26441de02adc5f53c081de50
ERR: 1146:Table 'zuo.order,lable' doesn't exist
 [ SQL语句 ] : SHOW COLUMNS FROM `order,lable`

[ 2015-10-11T14:50:11+08:00 ] ::1 /zuo/index.php/order/get_all_lable_by_userid/41/d589172d26441de02adc5f53c081de50
ERR: 1146:Table 'zuo.order,lable' doesn't exist
 [ SQL语句 ] : SHOW COLUMNS FROM `order,lable`

[ 2015-10-11T14:50:11+08:00 ] ::1 /zuo/index.php/order/get_all_lable_by_userid/41/d589172d26441de02adc5f53c081de50
ERR: 1146:Table 'zuo.order,lable' doesn't exist
 [ SQL语句 ] : SHOW COLUMNS FROM `order,lable`

[ 2015-10-11T14:52:39+08:00 ] ::1 /zuo/index.php/order/get_all_lable_by_userid/41/d589172d26441de02adc5f53c081de50
ERR: 1054:Unknown column 'order.lable_id' in 'where clause'
 [ SQL语句 ] : SELECT * FROM `lable` WHERE `user_id` = 41 AND order.lable_id = 'lable.lable_id' 

[ 2015-10-11T14:53:30+08:00 ] ::1 /zuo/index.php/order/get_all_lable_by_userid/41/d589172d26441de02adc5f53c081de50
ERR: 1146:Table 'zuo.lable,order' doesn't exist
 [ SQL语句 ] : SHOW COLUMNS FROM `lable,order`

[ 2015-10-11T14:54:14+08:00 ] ::1 /zuo/index.php/order/get_all_lable_by_userid/41/d589172d26441de02adc5f53c081de50
ERR: 1064:You have an error in your SQL syntax; check the manual that corresponds to your MySQL server version for the right syntax to use near 'order b WHERE `user_id` = 41 AND b.lable_id = 'a.lable_id'' at line 1
 [ SQL语句 ] : SELECT * FROM lable a,order b WHERE `user_id` = 41 AND b.lable_id = 'a.lable_id' 

[ 2015-10-11T14:54:15+08:00 ] ::1 /zuo/index.php/order/get_all_lable_by_userid/41/d589172d26441de02adc5f53c081de50
ERR: 1064:You have an error in your SQL syntax; check the manual that corresponds to your MySQL server version for the right syntax to use near 'order b WHERE `user_id` = 41 AND b.lable_id = 'a.lable_id'' at line 1
 [ SQL语句 ] : SELECT * FROM lable a,order b WHERE `user_id` = 41 AND b.lable_id = 'a.lable_id' 

[ 2015-10-11T14:54:15+08:00 ] ::1 /zuo/index.php/order/get_all_lable_by_userid/41/d589172d26441de02adc5f53c081de50
ERR: 1064:You have an error in your SQL syntax; check the manual that corresponds to your MySQL server version for the right syntax to use near 'order b WHERE `user_id` = 41 AND b.lable_id = 'a.lable_id'' at line 1
 [ SQL语句 ] : SELECT * FROM lable a,order b WHERE `user_id` = 41 AND b.lable_id = 'a.lable_id' 

[ 2015-10-11T14:54:16+08:00 ] ::1 /zuo/index.php/order/get_all_lable_by_userid/41/d589172d26441de02adc5f53c081de50
ERR: 1064:You have an error in your SQL syntax; check the manual that corresponds to your MySQL server version for the right syntax to use near 'order b WHERE `user_id` = 41 AND b.lable_id = 'a.lable_id'' at line 1
 [ SQL语句 ] : SELECT * FROM lable a,order b WHERE `user_id` = 41 AND b.lable_id = 'a.lable_id' 

[ 2015-10-11T14:55:07+08:00 ] ::1 /zuo/index.php/order/get_all_lable_by_userid/41/d589172d26441de02adc5f53c081de50
ERR: 1052:Column 'user_id' in where clause is ambiguous
 [ SQL语句 ] : SELECT * FROM lable a,`order` b WHERE `user_id` = 41 AND b.lable_id = 'a.lable_id' 

[ 2015-10-11T14:56:19+08:00 ] ::1 /zuo/index.php/order/get_all_lable_by_userid/41/d589172d26441de02adc5f53c081de50
ERR: 1103:Incorrect table name ''
 [ SQL语句 ] : SHOW COLUMNS FROM ``order``

[ 2015-10-11T14:56:52+08:00 ] ::1 /zuo/index.php/order/get_all_lable_by_userid/41/d589172d26441de02adc5f53c081de50
ERR: 1064:You have an error in your SQL syntax; check the manual that corresponds to your MySQL server version for the right syntax to use near 'order b,lable a WHERE b.lable_id = 'a.lable_id' AND `user_id` = 41' at line 1
 [ SQL语句 ] : SELECT * FROM order b,lable a WHERE b.lable_id = 'a.lable_id' AND `user_id` = 41 

[ 2015-10-11T14:56:53+08:00 ] ::1 /zuo/index.php/order/get_all_lable_by_userid/41/d589172d26441de02adc5f53c081de50
ERR: 1064:You have an error in your SQL syntax; check the manual that corresponds to your MySQL server version for the right syntax to use near 'order b,lable a WHERE b.lable_id = 'a.lable_id' AND `user_id` = 41' at line 1
 [ SQL语句 ] : SELECT * FROM order b,lable a WHERE b.lable_id = 'a.lable_id' AND `user_id` = 41 

[ 2015-10-11T14:56:53+08:00 ] ::1 /zuo/index.php/order/get_all_lable_by_userid/41/d589172d26441de02adc5f53c081de50
ERR: 1064:You have an error in your SQL syntax; check the manual that corresponds to your MySQL server version for the right syntax to use near 'order b,lable a WHERE b.lable_id = 'a.lable_id' AND `user_id` = 41' at line 1
 [ SQL语句 ] : SELECT * FROM order b,lable a WHERE b.lable_id = 'a.lable_id' AND `user_id` = 41 

[ 2015-10-11T14:56:53+08:00 ] ::1 /zuo/index.php/order/get_all_lable_by_userid/41/d589172d26441de02adc5f53c081de50
ERR: 1064:You have an error in your SQL syntax; check the manual that corresponds to your MySQL server version for the right syntax to use near 'order b,lable a WHERE b.lable_id = 'a.lable_id' AND `user_id` = 41' at line 1
 [ SQL语句 ] : SELECT * FROM order b,lable a WHERE b.lable_id = 'a.lable_id' AND `user_id` = 41 

[ 2015-10-11T14:56:53+08:00 ] ::1 /zuo/index.php/order/get_all_lable_by_userid/41/d589172d26441de02adc5f53c081de50
ERR: 1064:You have an error in your SQL syntax; check the manual that corresponds to your MySQL server version for the right syntax to use near 'order b,lable a WHERE b.lable_id = 'a.lable_id' AND `user_id` = 41' at line 1
 [ SQL语句 ] : SELECT * FROM order b,lable a WHERE b.lable_id = 'a.lable_id' AND `user_id` = 41 

[ 2015-10-11T15:05:48+08:00 ] ::1 /zuo/index.php/order/get_all_lable_by_userid/41/d589172d26441de02adc5f53c081de50
ERR: 1103:Incorrect table name ''
 [ SQL语句 ] : SHOW COLUMNS FROM ``order``

[ 2015-10-11T15:05:48+08:00 ] ::1 /zuo/index.php/order/get_all_lable_by_userid/41/d589172d26441de02adc5f53c081de50
ERR: 1103:Incorrect table name ''
 [ SQL语句 ] : SHOW COLUMNS FROM ``order``

[ 2015-10-11T15:05:49+08:00 ] ::1 /zuo/index.php/order/get_all_lable_by_userid/41/d589172d26441de02adc5f53c081de50
ERR: 1103:Incorrect table name ''
 [ SQL语句 ] : SHOW COLUMNS FROM ``order``

[ 2015-10-11T15:05:49+08:00 ] ::1 /zuo/index.php/order/get_all_lable_by_userid/41/d589172d26441de02adc5f53c081de50
ERR: 1103:Incorrect table name ''
 [ SQL语句 ] : SHOW COLUMNS FROM ``order``

[ 2015-10-11T15:05:49+08:00 ] ::1 /zuo/index.php/order/get_all_lable_by_userid/41/d589172d26441de02adc5f53c081de50
ERR: 1103:Incorrect table name ''
 [ SQL语句 ] : SHOW COLUMNS FROM ``order``

[ 2015-10-11T15:05:49+08:00 ] ::1 /zuo/index.php/order/get_all_lable_by_userid/41/d589172d26441de02adc5f53c081de50
ERR: 1103:Incorrect table name ''
 [ SQL语句 ] : SHOW COLUMNS FROM ``order``

[ 2015-10-11T15:05:49+08:00 ] ::1 /zuo/index.php/order/get_all_lable_by_userid/41/d589172d26441de02adc5f53c081de50
ERR: 1103:Incorrect table name ''
 [ SQL语句 ] : SHOW COLUMNS FROM ``order``

[ 2015-10-11T15:05:49+08:00 ] ::1 /zuo/index.php/order/get_all_lable_by_userid/41/d589172d26441de02adc5f53c081de50
ERR: 1103:Incorrect table name ''
 [ SQL语句 ] : SHOW COLUMNS FROM ``order``

[ 2015-10-11T15:05:50+08:00 ] ::1 /zuo/index.php/order/get_all_lable_by_userid/41/d589172d26441de02adc5f53c081de50
ERR: 1103:Incorrect table name ''
 [ SQL语句 ] : SHOW COLUMNS FROM ``order``

[ 2015-10-11T15:06:05+08:00 ] ::1 /zuo/index.php/order/get_all_lable_by_userid/41/d589172d26441de02adc5f53c081de50
ERR: 1064:You have an error in your SQL syntax; check the manual that corresponds to your MySQL server version for the right syntax to use near 'order b,`lable` a WHERE b.lable_id = 'a.lable_id' AND `user_id` = 41' at line 1
 [ SQL语句 ] : SELECT * FROM order b,`lable` a WHERE b.lable_id = 'a.lable_id' AND `user_id` = 41 

[ 2015-10-11T15:06:06+08:00 ] ::1 /zuo/index.php/order/get_all_lable_by_userid/41/d589172d26441de02adc5f53c081de50
ERR: 1064:You have an error in your SQL syntax; check the manual that corresponds to your MySQL server version for the right syntax to use near 'order b,`lable` a WHERE b.lable_id = 'a.lable_id' AND `user_id` = 41' at line 1
 [ SQL语句 ] : SELECT * FROM order b,`lable` a WHERE b.lable_id = 'a.lable_id' AND `user_id` = 41 

[ 2015-10-11T15:06:06+08:00 ] ::1 /zuo/index.php/order/get_all_lable_by_userid/41/d589172d26441de02adc5f53c081de50
ERR: 1064:You have an error in your SQL syntax; check the manual that corresponds to your MySQL server version for the right syntax to use near 'order b,`lable` a WHERE b.lable_id = 'a.lable_id' AND `user_id` = 41' at line 1
 [ SQL语句 ] : SELECT * FROM order b,`lable` a WHERE b.lable_id = 'a.lable_id' AND `user_id` = 41 

[ 2015-10-11T15:06:07+08:00 ] ::1 /zuo/index.php/order/get_all_lable_by_userid/41/d589172d26441de02adc5f53c081de50
ERR: 1064:You have an error in your SQL syntax; check the manual that corresponds to your MySQL server version for the right syntax to use near 'order b,`lable` a WHERE b.lable_id = 'a.lable_id' AND `user_id` = 41' at line 1
 [ SQL语句 ] : SELECT * FROM order b,`lable` a WHERE b.lable_id = 'a.lable_id' AND `user_id` = 41 

[ 2015-10-11T15:06:07+08:00 ] ::1 /zuo/index.php/order/get_all_lable_by_userid/41/d589172d26441de02adc5f53c081de50
ERR: 1064:You have an error in your SQL syntax; check the manual that corresponds to your MySQL server version for the right syntax to use near 'order b,`lable` a WHERE b.lable_id = 'a.lable_id' AND `user_id` = 41' at line 1
 [ SQL语句 ] : SELECT * FROM order b,`lable` a WHERE b.lable_id = 'a.lable_id' AND `user_id` = 41 

[ 2015-10-11T15:06:07+08:00 ] ::1 /zuo/index.php/order/get_all_lable_by_userid/41/d589172d26441de02adc5f53c081de50
ERR: 1064:You have an error in your SQL syntax; check the manual that corresponds to your MySQL server version for the right syntax to use near 'order b,`lable` a WHERE b.lable_id = 'a.lable_id' AND `user_id` = 41' at line 1
 [ SQL语句 ] : SELECT * FROM order b,`lable` a WHERE b.lable_id = 'a.lable_id' AND `user_id` = 41 

[ 2015-10-11T15:06:07+08:00 ] ::1 /zuo/index.php/order/get_all_lable_by_userid/41/d589172d26441de02adc5f53c081de50
ERR: 1064:You have an error in your SQL syntax; check the manual that corresponds to your MySQL server version for the right syntax to use near 'order b,`lable` a WHERE b.lable_id = 'a.lable_id' AND `user_id` = 41' at line 1
 [ SQL语句 ] : SELECT * FROM order b,`lable` a WHERE b.lable_id = 'a.lable_id' AND `user_id` = 41 

[ 2015-10-11T15:06:07+08:00 ] ::1 /zuo/index.php/order/get_all_lable_by_userid/41/d589172d26441de02adc5f53c081de50
ERR: 1064:You have an error in your SQL syntax; check the manual that corresponds to your MySQL server version for the right syntax to use near 'order b,`lable` a WHERE b.lable_id = 'a.lable_id' AND `user_id` = 41' at line 1
 [ SQL语句 ] : SELECT * FROM order b,`lable` a WHERE b.lable_id = 'a.lable_id' AND `user_id` = 41 

[ 2015-10-11T15:06:07+08:00 ] ::1 /zuo/index.php/order/get_all_lable_by_userid/41/d589172d26441de02adc5f53c081de50
ERR: 1064:You have an error in your SQL syntax; check the manual that corresponds to your MySQL server version for the right syntax to use near 'order b,`lable` a WHERE b.lable_id = 'a.lable_id' AND `user_id` = 41' at line 1
 [ SQL语句 ] : SELECT * FROM order b,`lable` a WHERE b.lable_id = 'a.lable_id' AND `user_id` = 41 

[ 2015-10-11T15:06:08+08:00 ] ::1 /zuo/index.php/order/get_all_lable_by_userid/41/d589172d26441de02adc5f53c081de50
ERR: 1064:You have an error in your SQL syntax; check the manual that corresponds to your MySQL server version for the right syntax to use near 'order b,`lable` a WHERE b.lable_id = 'a.lable_id' AND `user_id` = 41' at line 1
 [ SQL语句 ] : SELECT * FROM order b,`lable` a WHERE b.lable_id = 'a.lable_id' AND `user_id` = 41 

[ 2015-10-11T15:06:42+08:00 ] ::1 /zuo/index.php/order/get_all_lable_by_userid/41/d589172d26441de02adc5f53c081de50
ERR: 1064:You have an error in your SQL syntax; check the manual that corresponds to your MySQL server version for the right syntax to use near 'order b,`lable` a WHERE `user_id` = 41' at line 1
 [ SQL语句 ] : SELECT * FROM order b,`lable` a WHERE `user_id` = 41 

[ 2015-10-11T15:06:57+08:00 ] ::1 /zuo/index.php/order/get_all_lable_by_userid/41/d589172d26441de02adc5f53c081de50
ERR: 1103:Incorrect table name ''
 [ SQL语句 ] : SHOW COLUMNS FROM ``order``

[ 2015-10-11T15:07:49+08:00 ] ::1 /zuo/index.php/order/get_all_lable_by_userid/41/d589172d26441de02adc5f53c081de50
ERR: 1103:Incorrect table name ''
 [ SQL语句 ] : SHOW COLUMNS FROM ``order`,`lable``

[ 2015-10-11T15:07:50+08:00 ] ::1 /zuo/index.php/order/get_all_lable_by_userid/41/d589172d26441de02adc5f53c081de50
ERR: 1103:Incorrect table name ''
 [ SQL语句 ] : SHOW COLUMNS FROM ``order`,`lable``

[ 2015-10-11T15:07:50+08:00 ] ::1 /zuo/index.php/order/get_all_lable_by_userid/41/d589172d26441de02adc5f53c081de50
ERR: 1103:Incorrect table name ''
 [ SQL语句 ] : SHOW COLUMNS FROM ``order`,`lable``

[ 2015-10-11T15:07:50+08:00 ] ::1 /zuo/index.php/order/get_all_lable_by_userid/41/d589172d26441de02adc5f53c081de50
ERR: 1103:Incorrect table name ''
 [ SQL语句 ] : SHOW COLUMNS FROM ``order`,`lable``

[ 2015-10-11T15:07:50+08:00 ] ::1 /zuo/index.php/order/get_all_lable_by_userid/41/d589172d26441de02adc5f53c081de50
ERR: 1103:Incorrect table name ''
 [ SQL语句 ] : SHOW COLUMNS FROM ``order`,`lable``

[ 2015-10-11T15:08:01+08:00 ] ::1 /zuo/index.php/order/get_all_lable_by_userid/41/d589172d26441de02adc5f53c081de50
ERR: 1146:Table 'zuo.order,lable' doesn't exist
 [ SQL语句 ] : SHOW COLUMNS FROM `order,lable`

[ 2015-10-11T15:10:18+08:00 ] ::1 /zuo/index.php/order/get_all_lable_by_userid/41/d589172d26441de02adc5f53c081de50
ERR: 1146:Table 'zuo.order,lable' doesn't exist
 [ SQL语句 ] : SHOW COLUMNS FROM `order,lable`

[ 2015-10-11T15:11:52+08:00 ] ::1 /zuo/index.php/order/get_all_lable_by_userid/41/d589172d26441de02adc5f53c081de50
ERR: 1052:Column 'user_id' in where clause is ambiguous
 [ SQL语句 ] : SELECT * FROM `order` `o`,`lable` `l` WHERE `user_id` = 41 

[ 2015-10-11T15:18:03+08:00 ] ::1 /zuo/index.php/order/get_all_lable_by_userid/41/d589172d26441de02adc5f53c081de50
ERR: 1054:Unknown column 'o.user_id1' in 'where clause'
 [ SQL语句 ] : SELECT * FROM `order` `o`,`lable` `l` WHERE o.user_id1 = '41' 

[ 2015-10-11T18:13:08+08:00 ] ::1 /zuo/index.php/Message/alter_message/41/d589172d26441de02adc5f53c081de50/s/55/ssssssssss
ERR: 1146:Table 'zuo.mesage' doesn't exist
 [ SQL语句 ] : SHOW COLUMNS FROM `mesage`

[ 2015-10-11T19:14:16+08:00 ] ::1 /zuo/index.php/Message/get_message_list/41/d589172d26441de02adc5f53c081de50/
ERR: 1064:You have an error in your SQL syntax; check the manual that corresponds to your MySQL server version for the right syntax to use near '' at line 1
 [ SQL语句 ] : SELECT * FROM `order` `o`,`lable` `l` ,`message` `m` WHERE o.lable_id=l.lable_id and m.lable_id=o.lable_id and o.user_id = 

[ 2015-10-11T19:20:25+08:00 ] ::1 /zuo/index.php/Message/get_message_list/41/d589172d26441de02adc5f53c081de50/
ERR: 1064:You have an error in your SQL syntax; check the manual that corresponds to your MySQL server version for the right syntax to use near '' at line 1
 [ SQL语句 ] : SELECT u.user_id FROM `order` `o`,`lable` `l` ,`message` `m`,`user` `u` WHERE o.lable_id=l.lable_id and m.lable_id=o.lable_id and o.user_id=u.user_id and o.user_id = 

[ 2015-10-11T19:20:45+08:00 ] ::1 /zuo/index.php/Message/get_message_list/41/d589172d26441de02adc5f53c081de50/1
ERR: 1054:Unknown column 'u.user_name' in 'field list'
 [ SQL语句 ] : SELECT u.user_name FROM `order` `o`,`lable` `l` ,`message` `m`,`user` `u` WHERE o.lable_id=l.lable_id and m.lable_id=o.lable_id and o.user_id=u.user_id and o.user_id = 41

[ 2015-10-11T19:23:57+08:00 ] ::1 /zuo/index.php/Message/get_message_list/41/d589172d26441de02adc5f53c081de50/1
ERR: 1064:You have an error in your SQL syntax; check the manual that corresponds to your MySQL server version for the right syntax to use near 'by m.notepad_endtime' at line 1
 [ SQL语句 ] : SELECT u.user_nickname,l.lable_name,m.notepad_id,m.user_id,m.notepad_time,m.notepad_endtime,m.notepad FROM `order` `o`,`lable` `l` ,`message` `m`,`user` `u` WHERE o.lable_id=l.lable_id and m.lable_id=o.lable_id and o.user_id=u.user_id and o.user_id = 41order by m.notepad_endtime

[ 2015-10-11T19:29:26+08:00 ] ::1 /zuo/index.php/Message/get_message_list/41/d589172d26441de02adc5f53c081de50/1
ERR: 1064:You have an error in your SQL syntax; check the manual that corresponds to your MySQL server version for the right syntax to use near 'and m.notepad_endtime>=$time  order by m.notepad_endtime' at line 1
 [ SQL语句 ] : SELECT u.user_nickname,l.lable_name,m.notepad_id,m.user_id,m.notepad_time,m.notepad_endtime,m.notepad FROM `order` `o`,`lable` `l` ,`message` `m`,`user` `u` WHERE o.lable_id=l.lable_id and m.lable_id=o.lable_id and o.user_id=u.user_id and o.user_id =  and m.notepad_endtime>=$time  order by m.notepad_endtime

[ 2015-10-11T19:29:47+08:00 ] ::1 /zuo/index.php/Message/get_message_list/41/d589172d26441de02adc5f53c081de50/1
ERR: 1064:You have an error in your SQL syntax; check the manual that corresponds to your MySQL server version for the right syntax to use near 'and m.notepad_endtime>=1444562987  order by m.notepad_endtime' at line 1
 [ SQL语句 ] : SELECT u.user_nickname,l.lable_name,m.notepad_id,m.user_id,m.notepad_time,m.notepad_endtime,m.notepad FROM `order` `o`,`lable` `l` ,`message` `m`,`user` `u` WHERE o.lable_id=l.lable_id and m.lable_id=o.lable_id and o.user_id=u.user_id and o.user_id =  and m.notepad_endtime>=1444562987  order by m.notepad_endtime

[ 2015-10-11T19:29:48+08:00 ] ::1 /zuo/index.php/Message/get_message_list/41/d589172d26441de02adc5f53c081de50/1
ERR: 1064:You have an error in your SQL syntax; check the manual that corresponds to your MySQL server version for the right syntax to use near 'and m.notepad_endtime>=1444562988  order by m.notepad_endtime' at line 1
 [ SQL语句 ] : SELECT u.user_nickname,l.lable_name,m.notepad_id,m.user_id,m.notepad_time,m.notepad_endtime,m.notepad FROM `order` `o`,`lable` `l` ,`message` `m`,`user` `u` WHERE o.lable_id=l.lable_id and m.lable_id=o.lable_id and o.user_id=u.user_id and o.user_id =  and m.notepad_endtime>=1444562988  order by m.notepad_endtime

[ 2015-10-11T19:29:49+08:00 ] ::1 /zuo/index.php/Message/get_message_list/41/d589172d26441de02adc5f53c081de50/1
ERR: 1064:You have an error in your SQL syntax; check the manual that corresponds to your MySQL server version for the right syntax to use near 'and m.notepad_endtime>=1444562989  order by m.notepad_endtime' at line 1
 [ SQL语句 ] : SELECT u.user_nickname,l.lable_name,m.notepad_id,m.user_id,m.notepad_time,m.notepad_endtime,m.notepad FROM `order` `o`,`lable` `l` ,`message` `m`,`user` `u` WHERE o.lable_id=l.lable_id and m.lable_id=o.lable_id and o.user_id=u.user_id and o.user_id =  and m.notepad_endtime>=1444562989  order by m.notepad_endtime

[ 2015-10-11T19:29:50+08:00 ] ::1 /zuo/index.php/Message/get_message_list/41/d589172d26441de02adc5f53c081de50/1
ERR: 1064:You have an error in your SQL syntax; check the manual that corresponds to your MySQL server version for the right syntax to use near 'and m.notepad_endtime>=1444562990  order by m.notepad_endtime' at line 1
 [ SQL语句 ] : SELECT u.user_nickname,l.lable_name,m.notepad_id,m.user_id,m.notepad_time,m.notepad_endtime,m.notepad FROM `order` `o`,`lable` `l` ,`message` `m`,`user` `u` WHERE o.lable_id=l.lable_id and m.lable_id=o.lable_id and o.user_id=u.user_id and o.user_id =  and m.notepad_endtime>=1444562990  order by m.notepad_endtime

[ 2015-10-11T19:29:50+08:00 ] ::1 /zuo/index.php/Message/get_message_list/41/d589172d26441de02adc5f53c081de50/1
ERR: 1064:You have an error in your SQL syntax; check the manual that corresponds to your MySQL server version for the right syntax to use near 'and m.notepad_endtime>=1444562990  order by m.notepad_endtime' at line 1
 [ SQL语句 ] : SELECT u.user_nickname,l.lable_name,m.notepad_id,m.user_id,m.notepad_time,m.notepad_endtime,m.notepad FROM `order` `o`,`lable` `l` ,`message` `m`,`user` `u` WHERE o.lable_id=l.lable_id and m.lable_id=o.lable_id and o.user_id=u.user_id and o.user_id =  and m.notepad_endtime>=1444562990  order by m.notepad_endtime

[ 2015-10-11T19:29:50+08:00 ] ::1 /zuo/index.php/Message/get_message_list/41/d589172d26441de02adc5f53c081de50/1
ERR: 1064:You have an error in your SQL syntax; check the manual that corresponds to your MySQL server version for the right syntax to use near 'and m.notepad_endtime>=1444562990  order by m.notepad_endtime' at line 1
 [ SQL语句 ] : SELECT u.user_nickname,l.lable_name,m.notepad_id,m.user_id,m.notepad_time,m.notepad_endtime,m.notepad FROM `order` `o`,`lable` `l` ,`message` `m`,`user` `u` WHERE o.lable_id=l.lable_id and m.lable_id=o.lable_id and o.user_id=u.user_id and o.user_id =  and m.notepad_endtime>=1444562990  order by m.notepad_endtime

[ 2015-10-11T19:29:50+08:00 ] ::1 /zuo/index.php/Message/get_message_list/41/d589172d26441de02adc5f53c081de50/1
ERR: 1064:You have an error in your SQL syntax; check the manual that corresponds to your MySQL server version for the right syntax to use near 'and m.notepad_endtime>=1444562990  order by m.notepad_endtime' at line 1
 [ SQL语句 ] : SELECT u.user_nickname,l.lable_name,m.notepad_id,m.user_id,m.notepad_time,m.notepad_endtime,m.notepad FROM `order` `o`,`lable` `l` ,`message` `m`,`user` `u` WHERE o.lable_id=l.lable_id and m.lable_id=o.lable_id and o.user_id=u.user_id and o.user_id =  and m.notepad_endtime>=1444562990  order by m.notepad_endtime

[ 2015-10-11T19:29:50+08:00 ] ::1 /zuo/index.php/Message/get_message_list/41/d589172d26441de02adc5f53c081de50/1
ERR: 1064:You have an error in your SQL syntax; check the manual that corresponds to your MySQL server version for the right syntax to use near 'and m.notepad_endtime>=1444562990  order by m.notepad_endtime' at line 1
 [ SQL语句 ] : SELECT u.user_nickname,l.lable_name,m.notepad_id,m.user_id,m.notepad_time,m.notepad_endtime,m.notepad FROM `order` `o`,`lable` `l` ,`message` `m`,`user` `u` WHERE o.lable_id=l.lable_id and m.lable_id=o.lable_id and o.user_id=u.user_id and o.user_id =  and m.notepad_endtime>=1444562990  order by m.notepad_endtime

[ 2015-10-11T19:29:51+08:00 ] ::1 /zuo/index.php/Message/get_message_list/41/d589172d26441de02adc5f53c081de50/1
ERR: 1064:You have an error in your SQL syntax; check the manual that corresponds to your MySQL server version for the right syntax to use near 'and m.notepad_endtime>=1444562991  order by m.notepad_endtime' at line 1
 [ SQL语句 ] : SELECT u.user_nickname,l.lable_name,m.notepad_id,m.user_id,m.notepad_time,m.notepad_endtime,m.notepad FROM `order` `o`,`lable` `l` ,`message` `m`,`user` `u` WHERE o.lable_id=l.lable_id and m.lable_id=o.lable_id and o.user_id=u.user_id and o.user_id =  and m.notepad_endtime>=1444562991  order by m.notepad_endtime

[ 2015-10-11T19:29:51+08:00 ] ::1 /zuo/index.php/Message/get_message_list/41/d589172d26441de02adc5f53c081de50/1
ERR: 1064:You have an error in your SQL syntax; check the manual that corresponds to your MySQL server version for the right syntax to use near 'and m.notepad_endtime>=1444562991  order by m.notepad_endtime' at line 1
 [ SQL语句 ] : SELECT u.user_nickname,l.lable_name,m.notepad_id,m.user_id,m.notepad_time,m.notepad_endtime,m.notepad FROM `order` `o`,`lable` `l` ,`message` `m`,`user` `u` WHERE o.lable_id=l.lable_id and m.lable_id=o.lable_id and o.user_id=u.user_id and o.user_id =  and m.notepad_endtime>=1444562991  order by m.notepad_endtime

[ 2015-10-11T19:30:00+08:00 ] ::1 /zuo/index.php/Message/get_message_list/41/d589172d26441de02adc5f53c081de50/1
ERR: 1064:You have an error in your SQL syntax; check the manual that corresponds to your MySQL server version for the right syntax to use near 'and m.notepad_endtime>=1444563000  order by m.notepad_endtime' at line 1
 [ SQL语句 ] : SELECT u.user_nickname,l.lable_name,m.notepad_id,m.user_id,m.notepad_time,m.notepad_endtime,m.notepad FROM `order` `o`,`lable` `l` ,`message` `m`,`user` `u` WHERE o.lable_id=l.lable_id and m.lable_id=o.lable_id and o.user_id=u.user_id and o.user_id =  and m.notepad_endtime>=1444563000  order by m.notepad_endtime

[ 2015-10-11T19:31:28+08:00 ] ::1 /zuo/index.php/Message/get_message_list/41/d589172d26441de02adc5f53c081de50/1
ERR: 1064:You have an error in your SQL syntax; check the manual that corresponds to your MySQL server version for the right syntax to use near 'and m.notepad_endtime<=1444563088  order by m.notepad_endtime' at line 1
 [ SQL语句 ] : SELECT u.user_nickname,l.lable_name,m.notepad_id,m.user_id,m.notepad_time,m.notepad_endtime,m.notepad FROM `order` `o`,`lable` `l` ,`message` `m`,`user` `u` WHERE o.lable_id=l.lable_id and m.lable_id=o.lable_id and o.user_id=u.user_id and o.user_id =  and m.notepad_endtime<=1444563088  order by m.notepad_endtime

[ 2015-10-11T19:35:41+08:00 ] ::1 /zuo/index.php/Message/get_message_list/41/d589172d26441de02adc5f53c081de50/1/0
ERR: 1064:You have an error in your SQL syntax; check the manual that corresponds to your MySQL server version for the right syntax to use near '1' at line 1
 [ SQL语句 ] : SELECT u.user_nickname,l.lable_name,m.notepad_id,m.user_id,m.notepad_time,m.notepad_endtime,m.notepad FROM `order` `o`,`lable` `l` ,`message` `m`,`user` `u` WHERE o.lable_id=l.lable_id and m.lable_id=o.lable_id and o.user_id=u.user_id and o.user_id = 41 and m.notepad_endtime<=1444563341  order by m.notepad_endtime limit 0 1

[ 2015-10-11T19:43:24+08:00 ] ::1 /zuo/index.php/Message/get_message_list/41/d589172d26441de02adc5f53c081de50/0/0
ERR: 1064:You have an error in your SQL syntax; check the manual that corresponds to your MySQL server version for the right syntax to use near '.user_nickname,l.lable_name,m.notepad_id,m.user_id,m.notepad_time,m.notepad_endt' at line 1
 [ SQL语句 ] : SELECT count(*) u.user_nickname,l.lable_name,m.notepad_id,m.user_id,m.notepad_time,m.notepad_endtime,m.notepad FROM `order` `o`,`lable` `l` ,`message` `m`,`user` `u` WHERE o.lable_id=l.lable_id and m.lable_id=o.lable_id and o.user_id=u.user_id and o.user_id = 41 and m.notepad_endtime<=1444563804  order by m.notepad_endtime limit 0,20

[ 2015-10-11T20:28:31+08:00 ] ::1 /zuo/index.php/Comments/add_comments/41/d589172d26441de02adc5f53c081de50/11/ssss
ERR: 1452:Cannot add or update a child row: a foreign key constraint fails (`zuo`.`comments`, CONSTRAINT `comments_ibfk_2` FOREIGN KEY (`notepad_id`) REFERENCES `message` (`notepad_id`) ON DELETE CASCADE)
 [ SQL语句 ] : INSERT INTO `comments` (`user_id`,`notepad_id`,`comment`) VALUES ('41','11','ssss')

[ 2015-10-11T20:29:44+08:00 ] ::1 /zuo/index.php/Comments/add_comments/41/d589172d26441de02adc5f53c081de50/11/ssss
ERR: Think\Model:crete方法不存在！

[ 2015-10-11T20:29:52+08:00 ] ::1 /zuo/index.php/Comments/add_comments/41/d589172d26441de02adc5f53c081de50/11/ssss
ERR: 1452:Cannot add or update a child row: a foreign key constraint fails (`zuo`.`comments`, CONSTRAINT `comments_ibfk_2` FOREIGN KEY (`notepad_id`) REFERENCES `message` (`notepad_id`) ON DELETE CASCADE)
 [ SQL语句 ] : INSERT INTO `comments` (`user_id`,`notepad_id`,`comment`) VALUES ('41','11','ssss')

[ 2015-10-11T20:30:07+08:00 ] ::1 /zuo/index.php/Comments/add_comments/41/d589172d26441de02adc5f53c081de50/11/ssss
ERR: 1452:Cannot add or update a child row: a foreign key constraint fails (`zuo`.`comments`, CONSTRAINT `comments_ibfk_2` FOREIGN KEY (`notepad_id`) REFERENCES `message` (`notepad_id`) ON DELETE CASCADE)
 [ SQL语句 ] : INSERT INTO `comments` (`user_id`,`notepad_id`,`comment`) VALUES ('41','11','ssss')

[ 2015-10-11T20:30:08+08:00 ] ::1 /zuo/index.php/Comments/add_comments/41/d589172d26441de02adc5f53c081de50/11/ssss
ERR: 1452:Cannot add or update a child row: a foreign key constraint fails (`zuo`.`comments`, CONSTRAINT `comments_ibfk_2` FOREIGN KEY (`notepad_id`) REFERENCES `message` (`notepad_id`) ON DELETE CASCADE)
 [ SQL语句 ] : INSERT INTO `comments` (`user_id`,`notepad_id`,`comment`) VALUES ('41','11','ssss')

[ 2015-10-11T20:30:08+08:00 ] ::1 /zuo/index.php/Comments/add_comments/41/d589172d26441de02adc5f53c081de50/11/ssss
ERR: 1452:Cannot add or update a child row: a foreign key constraint fails (`zuo`.`comments`, CONSTRAINT `comments_ibfk_2` FOREIGN KEY (`notepad_id`) REFERENCES `message` (`notepad_id`) ON DELETE CASCADE)
 [ SQL语句 ] : INSERT INTO `comments` (`user_id`,`notepad_id`,`comment`) VALUES ('41','11','ssss')

[ 2015-10-11T20:30:08+08:00 ] ::1 /zuo/index.php/Comments/add_comments/41/d589172d26441de02adc5f53c081de50/11/ssss
ERR: 1452:Cannot add or update a child row: a foreign key constraint fails (`zuo`.`comments`, CONSTRAINT `comments_ibfk_2` FOREIGN KEY (`notepad_id`) REFERENCES `message` (`notepad_id`) ON DELETE CASCADE)
 [ SQL语句 ] : INSERT INTO `comments` (`user_id`,`notepad_id`,`comment`) VALUES ('41','11','ssss')

[ 2015-10-11T20:30:08+08:00 ] ::1 /zuo/index.php/Comments/add_comments/41/d589172d26441de02adc5f53c081de50/11/ssss
ERR: 1452:Cannot add or update a child row: a foreign key constraint fails (`zuo`.`comments`, CONSTRAINT `comments_ibfk_2` FOREIGN KEY (`notepad_id`) REFERENCES `message` (`notepad_id`) ON DELETE CASCADE)
 [ SQL语句 ] : INSERT INTO `comments` (`user_id`,`notepad_id`,`comment`) VALUES ('41','11','ssss')

[ 2015-10-11T20:30:09+08:00 ] ::1 /zuo/index.php/Comments/add_comments/41/d589172d26441de02adc5f53c081de50/11/ssss
ERR: 1452:Cannot add or update a child row: a foreign key constraint fails (`zuo`.`comments`, CONSTRAINT `comments_ibfk_2` FOREIGN KEY (`notepad_id`) REFERENCES `message` (`notepad_id`) ON DELETE CASCADE)
 [ SQL语句 ] : INSERT INTO `comments` (`user_id`,`notepad_id`,`comment`) VALUES ('41','11','ssss')

[ 2015-10-11T20:30:09+08:00 ] ::1 /zuo/index.php/Comments/add_comments/41/d589172d26441de02adc5f53c081de50/11/ssss
ERR: 1452:Cannot add or update a child row: a foreign key constraint fails (`zuo`.`comments`, CONSTRAINT `comments_ibfk_2` FOREIGN KEY (`notepad_id`) REFERENCES `message` (`notepad_id`) ON DELETE CASCADE)
 [ SQL语句 ] : INSERT INTO `comments` (`user_id`,`notepad_id`,`comment`) VALUES ('41','11','ssss')

